#
# A fatal error has been detected by the Java Runtime Environment:
#
#  SIGBUS (0x7) at pc=0x00007f44b6bd97d2, pid=8779, tid=139932510168832
#
# JRE version: Java(TM) SE Runtime Environment (8.0_45-b14) (build 1.8.0_45-b14)
# Java VM: Java HotSpot(TM) 64-Bit Server VM (25.45-b02 mixed mode linux-amd64 compressed oops)
# Problematic frame:
# C  [libzip.so+0x117d2]  newEntry+0x62
#
# Failed to write core dump. Core dumps have been disabled. To enable core dumping, try "ulimit -c unlimited" before starting Java again
#
# If you would like to submit a bug report, please visit:
#   http://bugreport.java.com/bugreport/crash.jsp
# The crash happened outside the Java Virtual Machine in native code.
# See problematic frame for where to report the bug.
#

---------------  T H R E A D  ---------------

Current thread (0x00007f4444009800):  JavaThread "http-nio-8080-exec-8" daemon [_thread_in_native, id=8836, stack(0x00007f44937fa000,0x00007f44938fb000)]

siginfo: si_signo: 7 (SIGBUS), si_code: 2 (BUS_ADRERR), si_addr: 0x00007f449892b036

Registers:
RAX=0x00007f443028dd00, RBX=0x00007f443028a7b0, RCX=0x00007f4430000020, RDX=0x00007f443028dd00
RSP=0x00007f44938f6e80, RBP=0x00007f44938f6ed0, RSI=0x0000000020000400, RDI=0x0000000000000001
R8 =0x0000000000000003, R9 =0x00007f4430000078, R10=0x00007f44a114a358, R11=0x00007f44b90b7a01
R12=0x00007f449892b019, R13=0x00007f443028dd00, R14=0x000000004eecb6d3, R15=0x00007f44300d1b30
RIP=0x00007f44b6bd97d2, EFLAGS=0x0000000000010202, CSGSFS=0x0000000000000033, ERR=0x0000000000000004
  TRAPNO=0x000000000000000e

Top of Stack: (sp=0x00007f44938f6e80)
0x00007f44938f6e80:   8000000000000000 0000000000000000
0x00007f44938f6e90:   00000001000007a8 00007f44b883242e
0x00007f44938f6ea0:   00007f443028dd00 00007f443028a7b0
0x00007f44938f6eb0:   00007f443028ac00 00007f44300d1b30
0x00007f44938f6ec0:   000000004eecb6d3 0000000000000010
0x00007f44938f6ed0:   00007f44938f6f30 00007f44b6bd9f2f
0x00007f44938f6ee0:   00007f4444009800 0000000000000000
0x00007f44938f6ef0:   00007f44938f6f50 00007f44938f6f61
0x00007f44938f6f00:   00007f44938f6f5f 00007f44938f6f50
0x00007f44938f6f10:   0000000000000010 00007f44440099f8
0x00007f44938f6f20:   00007f44938f73a8 0000000000000000
0x00007f44938f6f30:   00007f44938f7390 00007f44b6bcbd30
0x00007f44938f6f40:   00007f44a08022a8 00007f44300d1b30
0x00007f44938f6f50:   73706f7250636f64 6c6d782e7070612f
0x00007f44938f6f60:   00000000ee07db00 0000000000000000
0x00007f44938f6f70:   0000000000000000 0000000000000000
0x00007f44938f6f80:   00007f44938f6fb0 00007f44b83e15ed
0x00007f44938f6f90:   00007f44b823ecd0 41abf7de00000000
0x00007f44938f6fa0:   00007f44b00572c0 0000000000000005
0x00007f44938f6fb0:   00007f44938f7000 00007f44b823ee92
0x00007f44938f6fc0:   3ff0000000000000 00007f44b823ecd0
0x00007f44938f6fd0:   00000000ee07e128 0000000000000005
0x00007f44938f6fe0:   00000000ee07dfa8 0000000000000000
0x00007f44938f6ff0:   00007f44b823ecd0 0000000000000000
0x00007f44938f7000:   00007f44938f7060 00007f44b823e73e
0x00007f44938f7010:   0000000000000000 00007f44a1396644
0x00007f44938f7020:   00000000c3ea1a38 00007f44a115337c
0x00007f44938f7030:   0000000000000000 0000000000000000
0x00007f44938f7040:   00007f44b00572c0 00007f44a0ac5068
0x00007f44938f7050:   0000000000000000 00007f44b00572c0
0x00007f44938f7060:   00007f44938f70c8 00007f44a1007c4d
0x00007f44938f7070:   00007f44b823ecd0 00007f44a1007c4d 

Instructions: (pc=0x00007f44b6bd97d2)
0x00007f44b6bd97b2:   00 48 c7 40 28 00 00 00 00 41 80 7f 30 00 0f 84
0x00007f44b6bd97c2:   8a 02 00 00 4c 8b 63 08 4d 2b 67 28 4d 03 67 18
0x00007f44b6bd97d2:   41 0f b6 5c 24 1d 41 0f b6 44 24 1c c1 e3 08 09
0x00007f44b6bd97e2:   c3 41 0f b6 44 24 1e 88 45 bd 41 0f b6 54 24 20 

Register to memory mapping:

RAX=0x00007f443028dd00 is an unknown value
RBX=0x00007f443028a7b0 is an unknown value
RCX=0x00007f4430000020 is an unknown value
RDX=0x00007f443028dd00 is an unknown value
RSP=0x00007f44938f6e80 is pointing into the stack for thread: 0x00007f4444009800
RBP=0x00007f44938f6ed0 is pointing into the stack for thread: 0x00007f4444009800
RSI=0x0000000020000400 is an unknown value
RDI=0x0000000000000001 is an unknown value
R8 =0x0000000000000003 is an unknown value
R9 =0x00007f4430000078 is an unknown value
R10=0x00007f44a114a358 is at entry_point+88 in (nmethod*)0x00007f44a114a190
R11=0x00007f44b90b7a01: <offset 0x187a01> in /lib/x86_64-linux-gnu/libc.so.6 at 0x00007f44b8f30000
R12=0x00007f449892b019 is an unknown value
R13=0x00007f443028dd00 is an unknown value
R14=0x000000004eecb6d3 is an unknown value
R15=0x00007f44300d1b30 is an unknown value


Stack: [0x00007f44937fa000,0x00007f44938fb000],  sp=0x00007f44938f6e80,  free space=1011k
Native frames: (J=compiled Java code, j=interpreted, Vv=VM code, C=native code)
C  [libzip.so+0x117d2]  newEntry+0x62
C  [libzip.so+0x11f2f]  ZIP_GetEntry2+0xff
C  [libzip.so+0x3d30]  Java_java_util_zip_ZipFile_getEntry+0xf0
J 117  java.util.zip.ZipFile.getEntry(J[BZ)J (0 bytes) @ 0x00007f44a114a3ce [0x00007f44a114a300+0xce]
J 455 C1 java.util.zip.ZipFile.getInputStream(Ljava/util/zip/ZipEntry;)Ljava/io/InputStream; (304 bytes) @ 0x00007f44a124de04 [0x00007f44a124da80+0x384]
j  org.apache.poi.openxml4j.util.ZipFileZipEntrySource.getInputStream(Ljava/util/zip/ZipEntry;)Ljava/io/InputStream;+22
j  org.apache.poi.openxml4j.opc.ZipPackagePart.getInputStreamImpl()Ljava/io/InputStream;+14
j  org.apache.poi.openxml4j.opc.PackagePart.getInputStream()Ljava/io/InputStream;+1
j  org.apache.poi.POIXMLProperties.<init>(Lorg/apache/poi/openxml4j/opc/OPCPackage;)V+70
j  org.apache.poi.POIXMLDocument.getProperties()Lorg/apache/poi/POIXMLProperties;+16
j  org.apache.poi.POIXMLDocument.write(Ljava/io/OutputStream;)V+20
j  com.staples.service.SKUBuildService.writeCTGI(Ljava/io/File;Lorg/springframework/web/multipart/MultipartFile;Ljava/lang/String;)V+298
j  com.staples.service.SKUBuildService.processFiles(Lorg/springframework/web/multipart/MultipartFile;Lorg/springframework/web/multipart/MultipartFile;Lorg/springframework/web/multipart/MultipartFile;)Ljava/lang/String;+408
j  com.staples.controller.ServiceController.uploadService(Lorg/springframework/web/multipart/MultipartFile;Lorg/springframework/web/multipart/MultipartFile;Lorg/springframework/web/multipart/MultipartFile;)Ljava/util/List;+28
v  ~StubRoutines::call_stub
V  [libjvm.so+0x681a26]  JavaCalls::call_helper(JavaValue*, methodHandle*, JavaCallArguments*, Thread*)+0x1056
V  [libjvm.so+0x984f17]  Reflection::invoke(instanceKlassHandle, methodHandle, Handle, bool, objArrayHandle, BasicType, objArrayHandle, bool, Thread*)+0x5d7
V  [libjvm.so+0x9885e7]  Reflection::invoke_method(oopDesc*, Handle, objArrayHandle, Thread*)+0x147
V  [libjvm.so+0x70f5ab]  JVM_InvokeMethod+0x26b
J 2379  sun.reflect.NativeMethodAccessorImpl.invoke0(Ljava/lang/reflect/Method;Ljava/lang/Object;[Ljava/lang/Object;)Ljava/lang/Object; (0 bytes) @ 0x00007f44a17c38ed [0x00007f44a17c3800+0xed]
J 2378 C1 sun.reflect.NativeMethodAccessorImpl.invoke(Ljava/lang/Object;[Ljava/lang/Object;)Ljava/lang/Object; (104 bytes) @ 0x00007f44a17c3fac [0x00007f44a17c3c20+0x38c]
J 995 C1 sun.reflect.DelegatingMethodAccessorImpl.invoke(Ljava/lang/Object;[Ljava/lang/Object;)Ljava/lang/Object; (10 bytes) @ 0x00007f44a1399704 [0x00007f44a1399600+0x104]
J 683 C1 java.lang.reflect.Method.invoke(Ljava/lang/Object;[Ljava/lang/Object;)Ljava/lang/Object; (62 bytes) @ 0x00007f44a12c8244 [0x00007f44a12c7e60+0x3e4]
j  org.springframework.web.method.support.InvocableHandlerMethod.doInvoke([Ljava/lang/Object;)Ljava/lang/Object;+16
j  org.springframework.web.method.support.InvocableHandlerMethod.invokeForRequest(Lorg/springframework/web/context/request/NativeWebRequest;Lorg/springframework/web/method/support/ModelAndViewContainer;[Ljava/lang/Object;)Ljava/lang/Object;+96
j  org.springframework.web.servlet.mvc.method.annotation.ServletInvocableHandlerMethod.invokeAndHandle(Lorg/springframework/web/context/request/ServletWebRequest;Lorg/springframework/web/method/support/ModelAndViewContainer;[Ljava/lang/Object;)V+4
j  org.springframework.web.servlet.mvc.method.annotation.RequestMappingHandlerAdapter.invokeHandleMethod(Ljavax/servlet/http/HttpServletRequest;Ljavax/servlet/http/HttpServletResponse;Lorg/springframework/web/method/HandlerMethod;)Lorg/springframework/web/servlet/ModelAndView;+230
j  org.springframework.web.servlet.mvc.method.annotation.RequestMappingHandlerAdapter.handleInternal(Ljavax/servlet/http/HttpServletRequest;Ljavax/servlet/http/HttpServletResponse;Lorg/springframework/web/method/HandlerMethod;)Lorg/springframework/web/servlet/ModelAndView;+89
j  org.springframework.web.servlet.mvc.method.AbstractHandlerMethodAdapter.handle(Ljavax/servlet/http/HttpServletRequest;Ljavax/servlet/http/HttpServletResponse;Ljava/lang/Object;)Lorg/springframework/web/servlet/ModelAndView;+7
j  org.springframework.web.servlet.DispatcherServlet.doDispatch(Ljavax/servlet/http/HttpServletRequest;Ljavax/servlet/http/HttpServletResponse;)V+318
j  org.springframework.web.servlet.DispatcherServlet.doService(Ljavax/servlet/http/HttpServletRequest;Ljavax/servlet/http/HttpServletResponse;)V+301
j  org.springframework.web.servlet.FrameworkServlet.processRequest(Ljavax/servlet/http/HttpServletRequest;Ljavax/servlet/http/HttpServletResponse;)V+71
j  org.springframework.web.servlet.FrameworkServlet.doPost(Ljavax/servlet/http/HttpServletRequest;Ljavax/servlet/http/HttpServletResponse;)V+3
j  javax.servlet.http.HttpServlet.service(Ljavax/servlet/http/HttpServletRequest;Ljavax/servlet/http/HttpServletResponse;)V+149
j  org.springframework.web.servlet.FrameworkServlet.service(Ljavax/servlet/http/HttpServletRequest;Ljavax/servlet/http/HttpServletResponse;)V+32
j  javax.servlet.http.HttpServlet.service(Ljavax/servlet/ServletRequest;Ljavax/servlet/ServletResponse;)V+30
j  org.apache.catalina.core.ApplicationFilterChain.internalDoFilter(Ljavax/servlet/ServletRequest;Ljavax/servlet/ServletResponse;)V+396
j  org.apache.catalina.core.ApplicationFilterChain.doFilter(Ljavax/servlet/ServletRequest;Ljavax/servlet/ServletResponse;)V+101
j  org.apache.tomcat.websocket.server.WsFilter.doFilter(Ljavax/servlet/ServletRequest;Ljavax/servlet/ServletResponse;Ljavax/servlet/FilterChain;)V+21
j  org.apache.catalina.core.ApplicationFilterChain.internalDoFilter(Ljavax/servlet/ServletRequest;Ljavax/servlet/ServletResponse;)V+151
j  org.apache.catalina.core.ApplicationFilterChain.doFilter(Ljavax/servlet/ServletRequest;Ljavax/servlet/ServletResponse;)V+101
j  org.springframework.web.filter.CharacterEncodingFilter.doFilterInternal(Ljavax/servlet/http/HttpServletRequest;Ljavax/servlet/http/HttpServletResponse;Ljavax/servlet/FilterChain;)V+53
j  org.springframework.web.filter.OncePerRequestFilter.doFilter(Ljavax/servlet/ServletRequest;Ljavax/servlet/ServletResponse;Ljavax/servlet/FilterChain;)V+111
j  org.apache.catalina.core.ApplicationFilterChain.internalDoFilter(Ljavax/servlet/ServletRequest;Ljavax/servlet/ServletResponse;)V+151
j  org.apache.catalina.core.ApplicationFilterChain.doFilter(Ljavax/servlet/ServletRequest;Ljavax/servlet/ServletResponse;)V+101
j  org.apache.catalina.core.StandardWrapperValve.invoke(Lorg/apache/catalina/connector/Request;Lorg/apache/catalina/connector/Response;)V+781
j  org.apache.catalina.core.StandardContextValve.invoke(Lorg/apache/catalina/connector/Request;Lorg/apache/catalina/connector/Response;)V+166
j  org.apache.catalina.authenticator.AuthenticatorBase.invoke(Lorg/apache/catalina/connector/Request;Lorg/apache/catalina/connector/Response;)V+417
j  org.apache.catalina.core.StandardHostValve.invoke(Lorg/apache/catalina/connector/Request;Lorg/apache/catalina/connector/Response;)V+135
j  org.apache.catalina.valves.ErrorReportValve.invoke(Lorg/apache/catalina/connector/Request;Lorg/apache/catalina/connector/Response;)V+6
j  org.apache.catalina.core.StandardEngineValve.invoke(Lorg/apache/catalina/connector/Request;Lorg/apache/catalina/connector/Response;)V+71
j  org.apache.catalina.connector.CoyoteAdapter.service(Lorg/apache/coyote/Request;Lorg/apache/coyote/Response;)V+199
j  org.apache.coyote.http11.AbstractHttp11Processor.process(Lorg/apache/tomcat/util/net/SocketWrapper;)Lorg/apache/tomcat/util/net/AbstractEndpoint$Handler$SocketState;+624
j  org.apache.coyote.AbstractProtocol$AbstractConnectionHandler.process(Lorg/apache/tomcat/util/net/SocketWrapper;Lorg/apache/tomcat/util/net/SocketStatus;)Lorg/apache/tomcat/util/net/AbstractEndpoint$Handler$SocketState;+338
j  org.apache.tomcat.util.net.NioEndpoint$SocketProcessor.doRun(Ljava/nio/channels/SelectionKey;Lorg/apache/tomcat/util/net/NioEndpoint$KeyAttachment;)V+148
j  org.apache.tomcat.util.net.NioEndpoint$SocketProcessor.run()V+90
j  java.util.concurrent.ThreadPoolExecutor.runWorker(Ljava/util/concurrent/ThreadPoolExecutor$Worker;)V+95
j  java.util.concurrent.ThreadPoolExecutor$Worker.run()V+5
j  org.apache.tomcat.util.threads.TaskThread$WrappingRunnable.run()V+4
j  java.lang.Thread.run()V+11
v  ~StubRoutines::call_stub
V  [libjvm.so+0x681a26]  JavaCalls::call_helper(JavaValue*, methodHandle*, JavaCallArguments*, Thread*)+0x1056
V  [libjvm.so+0x681f31]  JavaCalls::call_virtual(JavaValue*, KlassHandle, Symbol*, Symbol*, JavaCallArguments*, Thread*)+0x321
V  [libjvm.so+0x6823d7]  JavaCalls::call_virtual(JavaValue*, Handle, KlassHandle, Symbol*, Symbol*, Thread*)+0x47
V  [libjvm.so+0x718280]  thread_entry(JavaThread*, Thread*)+0xa0
V  [libjvm.so+0xa5c86f]  JavaThread::thread_main_inner()+0xdf
V  [libjvm.so+0xa5c99c]  JavaThread::run()+0x11c
V  [libjvm.so+0x910de8]  java_start(Thread*)+0x108
C  [libpthread.so.0+0x8182]  start_thread+0xc2

Java frames: (J=compiled Java code, j=interpreted, Vv=VM code)
J 117  java.util.zip.ZipFile.getEntry(J[BZ)J (0 bytes) @ 0x00007f44a114a358 [0x00007f44a114a300+0x58]
J 455 C1 java.util.zip.ZipFile.getInputStream(Ljava/util/zip/ZipEntry;)Ljava/io/InputStream; (304 bytes) @ 0x00007f44a124de04 [0x00007f44a124da80+0x384]
j  org.apache.poi.openxml4j.util.ZipFileZipEntrySource.getInputStream(Ljava/util/zip/ZipEntry;)Ljava/io/InputStream;+22
j  org.apache.poi.openxml4j.opc.ZipPackagePart.getInputStreamImpl()Ljava/io/InputStream;+14
j  org.apache.poi.openxml4j.opc.PackagePart.getInputStream()Ljava/io/InputStream;+1
j  org.apache.poi.POIXMLProperties.<init>(Lorg/apache/poi/openxml4j/opc/OPCPackage;)V+70
j  org.apache.poi.POIXMLDocument.getProperties()Lorg/apache/poi/POIXMLProperties;+16
j  org.apache.poi.POIXMLDocument.write(Ljava/io/OutputStream;)V+20
j  com.staples.service.SKUBuildService.writeCTGI(Ljava/io/File;Lorg/springframework/web/multipart/MultipartFile;Ljava/lang/String;)V+298
j  com.staples.service.SKUBuildService.processFiles(Lorg/springframework/web/multipart/MultipartFile;Lorg/springframework/web/multipart/MultipartFile;Lorg/springframework/web/multipart/MultipartFile;)Ljava/lang/String;+408
j  com.staples.controller.ServiceController.uploadService(Lorg/springframework/web/multipart/MultipartFile;Lorg/springframework/web/multipart/MultipartFile;Lorg/springframework/web/multipart/MultipartFile;)Ljava/util/List;+28
v  ~StubRoutines::call_stub
J 2379  sun.reflect.NativeMethodAccessorImpl.invoke0(Ljava/lang/reflect/Method;Ljava/lang/Object;[Ljava/lang/Object;)Ljava/lang/Object; (0 bytes) @ 0x00007f44a17c3877 [0x00007f44a17c3800+0x77]
J 2378 C1 sun.reflect.NativeMethodAccessorImpl.invoke(Ljava/lang/Object;[Ljava/lang/Object;)Ljava/lang/Object; (104 bytes) @ 0x00007f44a17c3fac [0x00007f44a17c3c20+0x38c]
J 995 C1 sun.reflect.DelegatingMethodAccessorImpl.invoke(Ljava/lang/Object;[Ljava/lang/Object;)Ljava/lang/Object; (10 bytes) @ 0x00007f44a1399704 [0x00007f44a1399600+0x104]
J 683 C1 java.lang.reflect.Method.invoke(Ljava/lang/Object;[Ljava/lang/Object;)Ljava/lang/Object; (62 bytes) @ 0x00007f44a12c8244 [0x00007f44a12c7e60+0x3e4]
j  org.springframework.web.method.support.InvocableHandlerMethod.doInvoke([Ljava/lang/Object;)Ljava/lang/Object;+16
j  org.springframework.web.method.support.InvocableHandlerMethod.invokeForRequest(Lorg/springframework/web/context/request/NativeWebRequest;Lorg/springframework/web/method/support/ModelAndViewContainer;[Ljava/lang/Object;)Ljava/lang/Object;+96
j  org.springframework.web.servlet.mvc.method.annotation.ServletInvocableHandlerMethod.invokeAndHandle(Lorg/springframework/web/context/request/ServletWebRequest;Lorg/springframework/web/method/support/ModelAndViewContainer;[Ljava/lang/Object;)V+4
j  org.springframework.web.servlet.mvc.method.annotation.RequestMappingHandlerAdapter.invokeHandleMethod(Ljavax/servlet/http/HttpServletRequest;Ljavax/servlet/http/HttpServletResponse;Lorg/springframework/web/method/HandlerMethod;)Lorg/springframework/web/servlet/ModelAndView;+230
j  org.springframework.web.servlet.mvc.method.annotation.RequestMappingHandlerAdapter.handleInternal(Ljavax/servlet/http/HttpServletRequest;Ljavax/servlet/http/HttpServletResponse;Lorg/springframework/web/method/HandlerMethod;)Lorg/springframework/web/servlet/ModelAndView;+89
j  org.springframework.web.servlet.mvc.method.AbstractHandlerMethodAdapter.handle(Ljavax/servlet/http/HttpServletRequest;Ljavax/servlet/http/HttpServletResponse;Ljava/lang/Object;)Lorg/springframework/web/servlet/ModelAndView;+7
j  org.springframework.web.servlet.DispatcherServlet.doDispatch(Ljavax/servlet/http/HttpServletRequest;Ljavax/servlet/http/HttpServletResponse;)V+318
j  org.springframework.web.servlet.DispatcherServlet.doService(Ljavax/servlet/http/HttpServletRequest;Ljavax/servlet/http/HttpServletResponse;)V+301
j  org.springframework.web.servlet.FrameworkServlet.processRequest(Ljavax/servlet/http/HttpServletRequest;Ljavax/servlet/http/HttpServletResponse;)V+71
j  org.springframework.web.servlet.FrameworkServlet.doPost(Ljavax/servlet/http/HttpServletRequest;Ljavax/servlet/http/HttpServletResponse;)V+3
j  javax.servlet.http.HttpServlet.service(Ljavax/servlet/http/HttpServletRequest;Ljavax/servlet/http/HttpServletResponse;)V+149
j  org.springframework.web.servlet.FrameworkServlet.service(Ljavax/servlet/http/HttpServletRequest;Ljavax/servlet/http/HttpServletResponse;)V+32
j  javax.servlet.http.HttpServlet.service(Ljavax/servlet/ServletRequest;Ljavax/servlet/ServletResponse;)V+30
j  org.apache.catalina.core.ApplicationFilterChain.internalDoFilter(Ljavax/servlet/ServletRequest;Ljavax/servlet/ServletResponse;)V+396
j  org.apache.catalina.core.ApplicationFilterChain.doFilter(Ljavax/servlet/ServletRequest;Ljavax/servlet/ServletResponse;)V+101
j  org.apache.tomcat.websocket.server.WsFilter.doFilter(Ljavax/servlet/ServletRequest;Ljavax/servlet/ServletResponse;Ljavax/servlet/FilterChain;)V+21
j  org.apache.catalina.core.ApplicationFilterChain.internalDoFilter(Ljavax/servlet/ServletRequest;Ljavax/servlet/ServletResponse;)V+151
j  org.apache.catalina.core.ApplicationFilterChain.doFilter(Ljavax/servlet/ServletRequest;Ljavax/servlet/ServletResponse;)V+101
j  org.springframework.web.filter.CharacterEncodingFilter.doFilterInternal(Ljavax/servlet/http/HttpServletRequest;Ljavax/servlet/http/HttpServletResponse;Ljavax/servlet/FilterChain;)V+53
j  org.springframework.web.filter.OncePerRequestFilter.doFilter(Ljavax/servlet/ServletRequest;Ljavax/servlet/ServletResponse;Ljavax/servlet/FilterChain;)V+111
j  org.apache.catalina.core.ApplicationFilterChain.internalDoFilter(Ljavax/servlet/ServletRequest;Ljavax/servlet/ServletResponse;)V+151
j  org.apache.catalina.core.ApplicationFilterChain.doFilter(Ljavax/servlet/ServletRequest;Ljavax/servlet/ServletResponse;)V+101
j  org.apache.catalina.core.StandardWrapperValve.invoke(Lorg/apache/catalina/connector/Request;Lorg/apache/catalina/connector/Response;)V+781
j  org.apache.catalina.core.StandardContextValve.invoke(Lorg/apache/catalina/connector/Request;Lorg/apache/catalina/connector/Response;)V+166
j  org.apache.catalina.authenticator.AuthenticatorBase.invoke(Lorg/apache/catalina/connector/Request;Lorg/apache/catalina/connector/Response;)V+417
j  org.apache.catalina.core.StandardHostValve.invoke(Lorg/apache/catalina/connector/Request;Lorg/apache/catalina/connector/Response;)V+135
j  org.apache.catalina.valves.ErrorReportValve.invoke(Lorg/apache/catalina/connector/Request;Lorg/apache/catalina/connector/Response;)V+6
j  org.apache.catalina.core.StandardEngineValve.invoke(Lorg/apache/catalina/connector/Request;Lorg/apache/catalina/connector/Response;)V+71
j  org.apache.catalina.connector.CoyoteAdapter.service(Lorg/apache/coyote/Request;Lorg/apache/coyote/Response;)V+199
j  org.apache.coyote.http11.AbstractHttp11Processor.process(Lorg/apache/tomcat/util/net/SocketWrapper;)Lorg/apache/tomcat/util/net/AbstractEndpoint$Handler$SocketState;+624
j  org.apache.coyote.AbstractProtocol$AbstractConnectionHandler.process(Lorg/apache/tomcat/util/net/SocketWrapper;Lorg/apache/tomcat/util/net/SocketStatus;)Lorg/apache/tomcat/util/net/AbstractEndpoint$Handler$SocketState;+338
j  org.apache.tomcat.util.net.NioEndpoint$SocketProcessor.doRun(Ljava/nio/channels/SelectionKey;Lorg/apache/tomcat/util/net/NioEndpoint$KeyAttachment;)V+148
j  org.apache.tomcat.util.net.NioEndpoint$SocketProcessor.run()V+90
j  java.util.concurrent.ThreadPoolExecutor.runWorker(Ljava/util/concurrent/ThreadPoolExecutor$Worker;)V+95
j  java.util.concurrent.ThreadPoolExecutor$Worker.run()V+5
j  org.apache.tomcat.util.threads.TaskThread$WrappingRunnable.run()V+4
j  java.lang.Thread.run()V+11
v  ~StubRoutines::call_stub

---------------  P R O C E S S  ---------------

Java Threads: ( => current thread )
=>0x00007f4444009800 JavaThread "http-nio-8080-exec-8" daemon [_thread_in_native, id=8836, stack(0x00007f44937fa000,0x00007f44938fb000)]
  0x00007f4450003800 JavaThread "http-nio-8080-exec-7" daemon [_thread_blocked, id=8833, stack(0x00007f44938fb000,0x00007f44939fc000)]
  0x00007f4444008000 JavaThread "http-nio-8080-exec-6" daemon [_thread_blocked, id=8832, stack(0x00007f44939fc000,0x00007f4493afd000)]
  0x00007f4450002000 JavaThread "http-nio-8080-exec-5" daemon [_thread_blocked, id=8831, stack(0x00007f4493afd000,0x00007f4493bfe000)]
  0x00007f4444006000 JavaThread "http-nio-8080-exec-4" daemon [_thread_blocked, id=8830, stack(0x00007f4493bfe000,0x00007f4493cff000)]
  0x00007f4450001000 JavaThread "http-nio-8080-exec-3" daemon [_thread_blocked, id=8829, stack(0x00007f4499133000,0x00007f4499234000)]
  0x00007f4444005800 JavaThread "http-nio-8080-exec-2" daemon [_thread_blocked, id=8815, stack(0x00007f4499234000,0x00007f4499335000)]
  0x00007f4444001800 JavaThread "http-nio-8080-exec-1" daemon [_thread_blocked, id=8812, stack(0x00007f4493cff000,0x00007f4493e00000)]
  0x00007f44b000d000 JavaThread "DestroyJavaVM" [_thread_blocked, id=8784, stack(0x00007f44b9a31000,0x00007f44b9b32000)]
  0x00007f44b1515000 JavaThread "http-nio-8080-Acceptor-0" daemon [_thread_in_native, id=8809, stack(0x00007f44982fc000,0x00007f44983fd000)]
  0x00007f44b1512800 JavaThread "http-nio-8080-ClientPoller-1" daemon [_thread_in_native, id=8808, stack(0x00007f44983fd000,0x00007f44984fe000)]
  0x00007f44b1504000 JavaThread "http-nio-8080-ClientPoller-0" daemon [_thread_in_native, id=8807, stack(0x00007f44984fe000,0x00007f44985ff000)]
  0x00007f44b14f4000 JavaThread "NioBlockingSelector.BlockPoller-1" daemon [_thread_in_native, id=8806, stack(0x00007f44985ff000,0x00007f4498700000)]
  0x00007f44b0f3a800 JavaThread "container-0" [_thread_blocked, id=8805, stack(0x00007f4498b2c000,0x00007f4498c2d000)]
  0x00007f446014d800 JavaThread "ContainerBackgroundProcessor[StandardEngine[Tomcat].StandardHost[localhost].StandardContext[/SKUBuild]]" daemon [_thread_blocked, id=8804, stack(0x00007f4498c2d000,0x00007f4498d2e000)]
  0x00007f44b00c5000 JavaThread "Service Thread" daemon [_thread_blocked, id=8797, stack(0x00007f449a7ec000,0x00007f449a8ed000)]
  0x00007f44b00c0000 JavaThread "C1 CompilerThread2" daemon [_thread_blocked, id=8796, stack(0x00007f449a8ed000,0x00007f449a9ee000)]
  0x00007f44b00be800 JavaThread "C2 CompilerThread1" daemon [_thread_blocked, id=8795, stack(0x00007f449a9ee000,0x00007f449aaef000)]
  0x00007f44b00bb800 JavaThread "C2 CompilerThread0" daemon [_thread_blocked, id=8794, stack(0x00007f449aaef000,0x00007f449abf0000)]
  0x00007f44b00ba000 JavaThread "Signal Dispatcher" daemon [_thread_blocked, id=8793, stack(0x00007f449abf0000,0x00007f449acf1000)]
  0x00007f44b0082000 JavaThread "Finalizer" daemon [_thread_blocked, id=8792, stack(0x00007f449b3d3000,0x00007f449b4d4000)]
  0x00007f44b0080000 JavaThread "Reference Handler" daemon [_thread_blocked, id=8791, stack(0x00007f449b4d4000,0x00007f449b5d5000)]

Other Threads:
  0x00007f44b007b000 VMThread [stack: 0x00007f449b5d5000,0x00007f449b6d6000] [id=8790]
  0x00007f44b00c7800 WatcherThread [stack: 0x00007f449a6eb000,0x00007f449a7ec000] [id=8798]

VM state:not at safepoint (normal execution)

VM Mutex/Monitor currently owned by a thread: None

Heap:
 PSYoungGen      total 181248K, used 106914K [0x00000000ebf80000, 0x0000000100000000, 0x0000000100000000)
  eden space 110080K, 32% used [0x00000000ebf80000,0x00000000ee290b00,0x00000000f2b00000)
  from space 71168K, 99% used [0x00000000fba80000,0x00000000fffd80f0,0x0000000100000000)
  to   space 109056K, 0% used [0x00000000f2b00000,0x00000000f2b00000,0x00000000f9580000)
 ParOldGen       total 428544K, used 283378K [0x00000000c3e00000, 0x00000000de080000, 0x00000000ebf80000)
  object space 428544K, 66% used [0x00000000c3e00000,0x00000000d52bca88,0x00000000de080000)
 Metaspace       used 38735K, capacity 39084K, committed 39424K, reserved 1083392K
  class space    used 4629K, capacity 4738K, committed 4864K, reserved 1048576K

Card table byte_map: [0x00007f44b6626000,0x00007f44b6808000] byte_map_base: 0x00007f44b6007000

Marking Bits: (ParMarkBitMap*) 0x00007f44b8f05760
 Begin Bits: [0x00007f44b42d1000, 0x00007f44b51d9000)
 End Bits:   [0x00007f44b51d9000, 0x00007f44b60e1000)

Polling page: 0x00007f44b9b4c000

CodeCache: size=245760Kb used=16169Kb max_used=16190Kb free=229590Kb
 bounds [0x00007f44a1000000, 0x00007f44a1ff0000, 0x00007f44b0000000]
 total_blobs=5109 nmethods=4628 adapters=393
 compilation: enabled

Compilation events (10 events):
Event: 38.369 Thread 0x00007f44b00be800 5197       4       org.apache.xmlbeans.impl.store.Saver$TextSaver::emitElement (130 bytes)
Event: 38.378 Thread 0x00007f44b00c0000 5200       3       org.apache.xmlbeans.impl.store.Saver$InputStreamSaver$OutputStreamImpl::read (158 bytes)
Event: 38.378 Thread 0x00007f44b00c0000 nmethod 5200 0x00007f44a1fc2150 code [0x00007f44a1fc2320, 0x00007f44a1fc2a88]
Event: 38.403 Thread 0x00007f44b00bb800 nmethod 5189 0x00007f44a1fd53d0 code [0x00007f44a1fd57a0, 0x00007f44a1fd7780]
Event: 38.403 Thread 0x00007f44b00bb800 5198       4       org.apache.xmlbeans.impl.store.Saver$DocSaveCur::hasChildren (8 bytes)
Event: 38.404 Thread 0x00007f44b00bb800 nmethod 5198 0x00007f44a1f92650 code [0x00007f44a1f927a0, 0x00007f44a1f92858]
Event: 38.404 Thread 0x00007f44b00bb800 5201       4       org.apache.xmlbeans.impl.store.Xobj::hasTextNoEnsureOccupancy (31 bytes)
Event: 38.405 Thread 0x00007f44b00bb800 nmethod 5201 0x00007f44a1fb7050 code [0x00007f44a1fb71a0, 0x00007f44a1fb72e8]
Event: 38.405 Thread 0x00007f44b00bb800 5199       4       org.apache.xmlbeans.impl.store.Saver$DocSaveCur::hasText (8 bytes)
Event: 38.408 Thread 0x00007f44b00bb800 nmethod 5199 0x00007f44a1fbd010 code [0x00007f44a1fbd180, 0x00007f44a1fbd418]

GC Heap History (10 events):
Event: 35.888 GC heap before
{Heap before GC invocations=19 (full 4):
 PSYoungGen      total 212480K, used 210910K [0x00000000ebf80000, 0x0000000100000000, 0x0000000100000000)
  eden space 189952K, 100% used [0x00000000ebf80000,0x00000000f7900000,0x00000000f7900000)
  from space 22528K, 93% used [0x00000000fe800000,0x00000000ffc778b8,0x00000000ffe00000)
  to   space 69120K, 0% used [0x00000000f7900000,0x00000000f7900000,0x00000000fbc80000)
 ParOldGen       total 276480K, used 167310K [0x00000000c3e00000, 0x00000000d4c00000, 0x00000000ebf80000)
  object space 276480K, 60% used [0x00000000c3e00000,0x00000000ce163810,0x00000000d4c00000)
 Metaspace       used 38632K, capacity 38944K, committed 39040K, reserved 1083392K
  class space    used 4625K, capacity 4736K, committed 4736K, reserved 1048576K
Event: 35.954 GC heap after
Heap after GC invocations=19 (full 4):
 PSYoungGen      total 259072K, used 33299K [0x00000000ebf80000, 0x0000000100000000, 0x0000000100000000)
  eden space 189952K, 0% used [0x00000000ebf80000,0x00000000ebf80000,0x00000000f7900000)
  from space 69120K, 48% used [0x00000000f7900000,0x00000000f9984fa8,0x00000000fbc80000)
  to   space 69120K, 0% used [0x00000000fbc80000,0x00000000fbc80000,0x0000000100000000)
 ParOldGen       total 276480K, used 184288K [0x00000000c3e00000, 0x00000000d4c00000, 0x00000000ebf80000)
  object space 276480K, 66% used [0x00000000c3e00000,0x00000000cf1f80c8,0x00000000d4c00000)
 Metaspace       used 38632K, capacity 38944K, committed 39040K, reserved 1083392K
  class space    used 4625K, capacity 4736K, committed 4736K, reserved 1048576K
}
Event: 36.052 GC heap before
{Heap before GC invocations=20 (full 4):
 PSYoungGen      total 259072K, used 223251K [0x00000000ebf80000, 0x0000000100000000, 0x0000000100000000)
  eden space 189952K, 100% used [0x00000000ebf80000,0x00000000f7900000,0x00000000f7900000)
  from space 69120K, 48% used [0x00000000f7900000,0x00000000f9984fa8,0x00000000fbc80000)
  to   space 69120K, 0% used [0x00000000fbc80000,0x00000000fbc80000,0x0000000100000000)
 ParOldGen       total 276480K, used 184288K [0x00000000c3e00000, 0x00000000d4c00000, 0x00000000ebf80000)
  object space 276480K, 66% used [0x00000000c3e00000,0x00000000cf1f80c8,0x00000000d4c00000)
 Metaspace       used 38637K, capacity 39008K, committed 39296K, reserved 1083392K
  class space    used 4625K, capacity 4736K, committed 4736K, reserved 1048576K
Event: 36.082 GC heap after
Heap after GC invocations=20 (full 4):
 PSYoungGen      total 259072K, used 35587K [0x00000000ebf80000, 0x0000000100000000, 0x0000000100000000)
  eden space 189952K, 0% used [0x00000000ebf80000,0x00000000ebf80000,0x00000000f7900000)
  from space 69120K, 51% used [0x00000000fbc80000,0x00000000fdf40ce8,0x0000000100000000)
  to   space 69120K, 0% used [0x00000000f7900000,0x00000000f7900000,0x00000000fbc80000)
 ParOldGen       total 276480K, used 184288K [0x00000000c3e00000, 0x00000000d4c00000, 0x00000000ebf80000)
  object space 276480K, 66% used [0x00000000c3e00000,0x00000000cf1f80c8,0x00000000d4c00000)
 Metaspace       used 38637K, capacity 39008K, committed 39296K, reserved 1083392K
  class space    used 4625K, capacity 4736K, committed 4736K, reserved 1048576K
}
Event: 36.241 GC heap before
{Heap before GC invocations=21 (full 4):
 PSYoungGen      total 259072K, used 225539K [0x00000000ebf80000, 0x0000000100000000, 0x0000000100000000)
  eden space 189952K, 100% used [0x00000000ebf80000,0x00000000f7900000,0x00000000f7900000)
  from space 69120K, 51% used [0x00000000fbc80000,0x00000000fdf40ce8,0x0000000100000000)
  to   space 69120K, 0% used [0x00000000f7900000,0x00000000f7900000,0x00000000fbc80000)
 ParOldGen       total 276480K, used 184288K [0x00000000c3e00000, 0x00000000d4c00000, 0x00000000ebf80000)
  object space 276480K, 66% used [0x00000000c3e00000,0x00000000cf1f80c8,0x00000000d4c00000)
 Metaspace       used 38696K, capacity 39008K, committed 39296K, reserved 1083392K
  class space    used 4625K, capacity 4736K, committed 4736K, reserved 1048576K
Event: 36.277 GC heap after
Heap after GC invocations=21 (full 4):
 PSYoungGen      total 231936K, used 41512K [0x00000000ebf80000, 0x0000000100000000, 0x0000000100000000)
  eden space 189952K, 0% used [0x00000000ebf80000,0x00000000ebf80000,0x00000000f7900000)
  from space 41984K, 98% used [0x00000000f7900000,0x00000000fa18a160,0x00000000fa200000)
  to   space 71168K, 0% used [0x00000000fba80000,0x00000000fba80000,0x0000000100000000)
 ParOldGen       total 276480K, used 184288K [0x00000000c3e00000, 0x00000000d4c00000, 0x00000000ebf80000)
  object space 276480K, 66% used [0x00000000c3e00000,0x00000000cf1f80c8,0x00000000d4c00000)
 Metaspace       used 38696K, capacity 39008K, committed 39296K, reserved 1083392K
  class space    used 4625K, capacity 4736K, committed 4736K, reserved 1048576K
}
Event: 36.919 GC heap before
{Heap before GC invocations=22 (full 4):
 PSYoungGen      total 231936K, used 229578K [0x00000000ebf80000, 0x0000000100000000, 0x0000000100000000)
  eden space 189952K, 99% used [0x00000000ebf80000,0x00000000f77288f8,0x00000000f7900000)
  from space 41984K, 98% used [0x00000000f7900000,0x00000000fa18a160,0x00000000fa200000)
  to   space 71168K, 0% used [0x00000000fba80000,0x00000000fba80000,0x0000000100000000)
 ParOldGen       total 276480K, used 184288K [0x00000000c3e00000, 0x00000000d4c00000, 0x00000000ebf80000)
  object space 276480K, 66% used [0x00000000c3e00000,0x00000000cf1f80c8,0x00000000d4c00000)
 Metaspace       used 38734K, capacity 39084K, committed 39424K, reserved 1083392K
  class space    used 4629K, capacity 4738K, committed 4864K, reserved 1048576K
Event: 37.057 GC heap after
Heap after GC invocations=22 (full 4):
 PSYoungGen      total 181248K, used 71162K [0x00000000ebf80000, 0x0000000100000000, 0x0000000100000000)
  eden space 110080K, 0% used [0x00000000ebf80000,0x00000000ebf80000,0x00000000f2b00000)
  from space 71168K, 99% used [0x00000000fba80000,0x00000000ffffe9b0,0x0000000100000000)
  to   space 109056K, 0% used [0x00000000f2b00000,0x00000000f2b00000,0x00000000f9580000)
 ParOldGen       total 284672K, used 284287K [0x00000000c3e00000, 0x00000000d5400000, 0x00000000ebf80000)
  object space 284672K, 99% used [0x00000000c3e00000,0x00000000d539ff88,0x00000000d5400000)
 Metaspace       used 38734K, capacity 39084K, committed 39424K, reserved 1083392K
  class space    used 4629K, capacity 4738K, committed 4864K, reserved 1048576K
}
Event: 37.057 GC heap before
{Heap before GC invocations=23 (full 5):
 PSYoungGen      total 181248K, used 71162K [0x00000000ebf80000, 0x0000000100000000, 0x0000000100000000)
  eden space 110080K, 0% used [0x00000000ebf80000,0x00000000ebf80000,0x00000000f2b00000)
  from space 71168K, 99% used [0x00000000fba80000,0x00000000ffffe9b0,0x0000000100000000)
  to   space 109056K, 0% used [0x00000000f2b00000,0x00000000f2b00000,0x00000000f9580000)
 ParOldGen       total 284672K, used 284287K [0x00000000c3e00000, 0x00000000d5400000, 0x00000000ebf80000)
  object space 284672K, 99% used [0x00000000c3e00000,0x00000000d539ff88,0x00000000d5400000)
 Metaspace       used 38734K, capacity 39084K, committed 39424K, reserved 1083392K
  class space    used 4629K, capacity 4738K, committed 4864K, reserved 1048576K
Event: 38.159 GC heap after
Heap after GC invocations=23 (full 5):
 PSYoungGen      total 181248K, used 71008K [0x00000000ebf80000, 0x0000000100000000, 0x0000000100000000)
  eden space 110080K, 0% used [0x00000000ebf80000,0x00000000ebf80000,0x00000000f2b00000)
  from space 71168K, 99% used [0x00000000fba80000,0x00000000fffd80f0,0x0000000100000000)
  to   space 109056K, 0% used [0x00000000f2b00000,0x00000000f2b00000,0x00000000f9580000)
 ParOldGen       total 428544K, used 283378K [0x00000000c3e00000, 0x00000000de080000, 0x00000000ebf80000)
  object space 428544K, 66% used [0x00000000c3e00000,0x00000000d52bca88,0x00000000de080000)
 Metaspace       used 38734K, capacity 39084K, committed 39424K, reserved 1083392K
  class space    used 4629K, capacity 4738K, committed 4864K, reserved 1048576K
}

Deoptimization events (10 events):
Event: 38.241 Thread 0x00007f4444009800 Uncommon trap: reason=class_check action=maybe_recompile pc=0x00007f44a1f736ac method=org.apache.xmlbeans.impl.values.XmlObjectBase.create_attribute_user(Ljavax/xml/namespace/QName;)Lorg/apache/xmlbeans/impl/values/TypeStoreUser; @ 12
Event: 38.241 Thread 0x00007f4444009800 Uncommon trap: reason=class_check action=maybe_recompile pc=0x00007f44a1f736ac method=org.apache.xmlbeans.impl.values.XmlObjectBase.create_attribute_user(Ljavax/xml/namespace/QName;)Lorg/apache/xmlbeans/impl/values/TypeStoreUser; @ 12
Event: 38.260 Thread 0x00007f4444009800 Uncommon trap: reason=speculate_class_check action=maybe_recompile pc=0x00007f44a1f5c3cc method=org.apache.xmlbeans.impl.store.Saver$SaveCur.isNormalAttr()Z @ 1
Event: 38.260 Thread 0x00007f4444009800 Uncommon trap: reason=speculate_class_check action=maybe_recompile pc=0x00007f44a1f5c3cc method=org.apache.xmlbeans.impl.store.Saver$SaveCur.isNormalAttr()Z @ 1
Event: 38.260 Thread 0x00007f4444009800 Uncommon trap: reason=speculate_class_check action=maybe_recompile pc=0x00007f44a1f5c3cc method=org.apache.xmlbeans.impl.store.Saver$SaveCur.isNormalAttr()Z @ 1
Event: 38.260 Thread 0x00007f4444009800 Uncommon trap: reason=speculate_class_check action=maybe_recompile pc=0x00007f44a1f5c3cc method=org.apache.xmlbeans.impl.store.Saver$SaveCur.isNormalAttr()Z @ 1
Event: 38.342 Thread 0x00007f4444009800 Uncommon trap: reason=speculate_class_check action=maybe_recompile pc=0x00007f44a1fcef8c method=org.apache.xmlbeans.impl.store.Saver$SaveCur.isNormalAttr()Z @ 9
Event: 38.348 Thread 0x00007f4444009800 Uncommon trap: reason=speculate_class_check action=maybe_recompile pc=0x00007f44a1fcef8c method=org.apache.xmlbeans.impl.store.Saver$SaveCur.isNormalAttr()Z @ 9
Event: 38.350 Thread 0x00007f4444009800 Uncommon trap: reason=speculate_class_check action=maybe_recompile pc=0x00007f44a1e7a9e8 method=org.apache.xmlbeans.impl.store.Saver$TextSaver.emit(Lorg/apache/xmlbeans/impl/store/Saver$SaveCur;)V @ 8
Event: 38.365 Thread 0x00007f4444009800 Uncommon trap: reason=unstable_if action=reinterpret pc=0x00007f44a1ac93d8 method=org.apache.xmlbeans.impl.store.Xobj.hasTextNoEnsureOccupancy()Z @ 22

Internal exceptions (10 events):
Event: 31.939 Thread 0x00007f4444009800 Exception <a 'java/security/PrivilegedActionException'> (0x00000000ec2a9350) thrown at [/RE-WORK/workspace/8-2-build-linux-amd64/jdk8u45/3457/hotspot/src/share/vm/prims/jvm.cpp, line 1382]
Event: 31.940 Thread 0x00007f4444009800 Exception <a 'java/security/PrivilegedActionException'> (0x00000000ec2b2530) thrown at [/RE-WORK/workspace/8-2-build-linux-amd64/jdk8u45/3457/hotspot/src/share/vm/prims/jvm.cpp, line 1382]
Event: 31.940 Thread 0x00007f4444009800 Exception <a 'java/security/PrivilegedActionException'> (0x00000000ec2b2a08) thrown at [/RE-WORK/workspace/8-2-build-linux-amd64/jdk8u45/3457/hotspot/src/share/vm/prims/jvm.cpp, line 1382]
Event: 31.940 Thread 0x00007f4444009800 Exception <a 'java/security/PrivilegedActionException'> (0x00000000ec2bbfd0) thrown at [/RE-WORK/workspace/8-2-build-linux-amd64/jdk8u45/3457/hotspot/src/share/vm/prims/jvm.cpp, line 1382]
Event: 31.940 Thread 0x00007f4444009800 Exception <a 'java/security/PrivilegedActionException'> (0x00000000ec2bc4a8) thrown at [/RE-WORK/workspace/8-2-build-linux-amd64/jdk8u45/3457/hotspot/src/share/vm/prims/jvm.cpp, line 1382]
Event: 33.204 Thread 0x00007f4444009800 Implicit null exception at 0x00007f44a1524a70 to 0x00007f44a15258a5
Event: 33.880 Thread 0x00007f4444009800 Implicit null exception at 0x00007f44a11aac13 to 0x00007f44a11aae71
Event: 35.520 Thread 0x00007f4444009800 Implicit null exception at 0x00007f44a1d5f21e to 0x00007f44a1d5f5cd
Event: 36.636 Thread 0x00007f4444009800 Implicit null exception at 0x00007f44a1f6f8a4 to 0x00007f44a1f700ee
Event: 36.643 Thread 0x00007f4444009800 Implicit null exception at 0x00007f44a13049d0 to 0x00007f44a1304e41

Events (10 events):
Event: 38.342 Thread 0x00007f4444009800 DEOPT UNPACKING pc=0x00007f44a1005229 sp=0x00007f44938f7078 mode 2
Event: 38.348 Thread 0x00007f4444009800 Uncommon trap: trap_request=0xffffff76 fr.pc=0x00007f44a1fcef8c
Event: 38.348 Thread 0x00007f4444009800 DEOPT PACKING pc=0x00007f44a1fcef8c sp=0x00007f44938f70f0
Event: 38.348 Thread 0x00007f4444009800 DEOPT UNPACKING pc=0x00007f44a1005229 sp=0x00007f44938f7078 mode 2
Event: 38.350 Thread 0x00007f4444009800 Uncommon trap: trap_request=0xffffff76 fr.pc=0x00007f44a1e7a9e8
Event: 38.350 Thread 0x00007f4444009800 DEOPT PACKING pc=0x00007f44a1e7a9e8 sp=0x00007f44938f7150
Event: 38.350 Thread 0x00007f4444009800 DEOPT UNPACKING pc=0x00007f44a1005229 sp=0x00007f44938f7010 mode 2
Event: 38.365 Thread 0x00007f4444009800 Uncommon trap: trap_request=0xffffff65 fr.pc=0x00007f44a1ac93d8
Event: 38.365 Thread 0x00007f4444009800 DEOPT PACKING pc=0x00007f44a1ac93d8 sp=0x00007f44938f6ff0
Event: 38.365 Thread 0x00007f4444009800 DEOPT UNPACKING pc=0x00007f44a1005229 sp=0x00007f44938f6e88 mode 2


Dynamic libraries:
00400000-00401000 r-xp 00000000 08:01 25169587                           /usr/lib/jvm/java-8-oracle/bin/java
00600000-00601000 rw-p 00000000 08:01 25169587                           /usr/lib/jvm/java-8-oracle/bin/java
00d32000-00d53000 rw-p 00000000 00:00 0                                  [heap]
c3e00000-de080000 rw-p 00000000 00:00 0 
de080000-ebf80000 ---p 00000000 00:00 0 
ebf80000-100000000 rw-p 00000000 00:00 0 
100000000-1004c0000 rw-p 00000000 00:00 0 
1004c0000-140000000 ---p 00000000 00:00 0 
7f442c000000-7f442c021000 rw-p 00000000 00:00 0 
7f442c021000-7f4430000000 ---p 00000000 00:00 0 
7f4430000000-7f443051a000 rw-p 00000000 00:00 0 
7f443051a000-7f4434000000 ---p 00000000 00:00 0 
7f4434000000-7f4434021000 rw-p 00000000 00:00 0 
7f4434021000-7f4438000000 ---p 00000000 00:00 0 
7f4438000000-7f4438021000 rw-p 00000000 00:00 0 
7f4438021000-7f443c000000 ---p 00000000 00:00 0 
7f443c000000-7f443c065000 rw-p 00000000 00:00 0 
7f443c065000-7f4440000000 ---p 00000000 00:00 0 
7f4440000000-7f4440021000 rw-p 00000000 00:00 0 
7f4440021000-7f4444000000 ---p 00000000 00:00 0 
7f4444000000-7f4444021000 rw-p 00000000 00:00 0 
7f4444021000-7f4448000000 ---p 00000000 00:00 0 
7f4448000000-7f4448021000 rw-p 00000000 00:00 0 
7f4448021000-7f444c000000 ---p 00000000 00:00 0 
7f444c000000-7f444c021000 rw-p 00000000 00:00 0 
7f444c021000-7f4450000000 ---p 00000000 00:00 0 
7f4450000000-7f4450021000 rw-p 00000000 00:00 0 
7f4450021000-7f4454000000 ---p 00000000 00:00 0 
7f4454000000-7f4454021000 rw-p 00000000 00:00 0 
7f4454021000-7f4458000000 ---p 00000000 00:00 0 
7f4458000000-7f4458021000 rw-p 00000000 00:00 0 
7f4458021000-7f445c000000 ---p 00000000 00:00 0 
7f445c000000-7f445c021000 rw-p 00000000 00:00 0 
7f445c021000-7f4460000000 ---p 00000000 00:00 0 
7f4460000000-7f44602f4000 rw-p 00000000 00:00 0 
7f44602f4000-7f4464000000 ---p 00000000 00:00 0 
7f4464000000-7f4464021000 rw-p 00000000 00:00 0 
7f4464021000-7f4468000000 ---p 00000000 00:00 0 
7f4468000000-7f4468021000 rw-p 00000000 00:00 0 
7f4468021000-7f446c000000 ---p 00000000 00:00 0 
7f446c000000-7f446d6dd000 rw-p 00000000 00:00 0 
7f446d6dd000-7f4470000000 ---p 00000000 00:00 0 
7f4470000000-7f4471299000 rw-p 00000000 00:00 0 
7f4471299000-7f4474000000 ---p 00000000 00:00 0 
7f4474000000-7f4474021000 rw-p 00000000 00:00 0 
7f4474021000-7f4478000000 ---p 00000000 00:00 0 
7f4478000000-7f4479bc6000 rw-p 00000000 00:00 0 
7f4479bc6000-7f447c000000 ---p 00000000 00:00 0 
7f447c000000-7f447c021000 rw-p 00000000 00:00 0 
7f447c021000-7f4480000000 ---p 00000000 00:00 0 
7f4480000000-7f4480021000 rw-p 00000000 00:00 0 
7f4480021000-7f4484000000 ---p 00000000 00:00 0 
7f4484000000-7f4484021000 rw-p 00000000 00:00 0 
7f4484021000-7f4488000000 ---p 00000000 00:00 0 
7f4488000000-7f448802a000 rw-p 00000000 00:00 0 
7f448802a000-7f448c000000 ---p 00000000 00:00 0 
7f448c000000-7f448c021000 rw-p 00000000 00:00 0 
7f448c021000-7f4490000000 ---p 00000000 00:00 0 
7f44933fa000-7f44935ba000 rw-p 00000000 00:00 0 
7f44935ba000-7f44935fa000 ---p 00000000 00:00 0 
7f44935fa000-7f44937fa000 rw-p 00000000 00:00 0 
7f44937fa000-7f44937fd000 ---p 00000000 00:00 0 
7f44937fd000-7f44938fb000 rw-p 00000000 00:00 0                          [stack:8836]
7f44938fb000-7f44938fe000 ---p 00000000 00:00 0 
7f44938fe000-7f44939fc000 rw-p 00000000 00:00 0                          [stack:8833]
7f44939fc000-7f44939ff000 ---p 00000000 00:00 0 
7f44939ff000-7f4493afd000 rw-p 00000000 00:00 0                          [stack:8832]
7f4493afd000-7f4493b00000 ---p 00000000 00:00 0 
7f4493b00000-7f4493bfe000 rw-p 00000000 00:00 0                          [stack:8831]
7f4493bfe000-7f4493c01000 ---p 00000000 00:00 0 
7f4493c01000-7f4493cff000 rw-p 00000000 00:00 0                          [stack:8830]
7f4493cff000-7f4493d02000 ---p 00000000 00:00 0 
7f4493d02000-7f4494000000 rw-p 00000000 00:00 0                          [stack:8812]
7f4494000000-7f4494021000 rw-p 00000000 00:00 0 
7f4494021000-7f4498000000 ---p 00000000 00:00 0 
7f449801f000-7f449821f000 rw-p 00000000 00:00 0 
7f44982fc000-7f44982ff000 ---p 00000000 00:00 0 
7f44982ff000-7f44983fd000 rw-p 00000000 00:00 0                          [stack:8809]
7f44983fd000-7f4498400000 ---p 00000000 00:00 0 
7f4498400000-7f44984fe000 rw-p 00000000 00:00 0                          [stack:8808]
7f44984fe000-7f4498501000 ---p 00000000 00:00 0 
7f4498501000-7f44985ff000 rw-p 00000000 00:00 0                          [stack:8807]
7f44985ff000-7f4498602000 ---p 00000000 00:00 0 
7f4498602000-7f4498900000 rw-p 00000000 00:00 0                          [stack:8806]
7f4498927000-7f449892a000 rw-p 00000000 00:00 0 
7f449892a000-7f449892c000 r--s 000d7000 08:01 22417025                   /home/abhishek/Documents/Output/167289_Notions_07302015.xlsx
7f449892c000-7f4498b2c000 rw-p 00000000 00:00 0 
7f4498b2c000-7f4498b2f000 ---p 00000000 00:00 0 
7f4498b2f000-7f4498c2d000 rw-p 00000000 00:00 0                          [stack:8805]
7f4498c2d000-7f4498c30000 ---p 00000000 00:00 0 
7f4498c30000-7f4498f2e000 rw-p 00000000 00:00 0                          [stack:8804]
7f4498f2e000-7f4498f33000 r--s 002f8000 08:01 25692709                   /usr/lib/jvm/java-8-oracle/jre/lib/charsets.jar
7f4498f33000-7f4499133000 rw-p 00000000 00:00 0 
7f4499133000-7f4499136000 ---p 00000000 00:00 0 
7f4499136000-7f4499234000 rw-p 00000000 00:00 0                          [stack:8829]
7f4499234000-7f4499237000 ---p 00000000 00:00 0 
7f4499237000-7f4499335000 rw-p 00000000 00:00 0                          [stack:8815]
7f4499335000-7f4499346000 r-xp 00000000 08:01 25826528                   /usr/lib/jvm/java-8-oracle/jre/lib/amd64/libnio.so
7f4499346000-7f4499545000 ---p 00011000 08:01 25826528                   /usr/lib/jvm/java-8-oracle/jre/lib/amd64/libnio.so
7f4499545000-7f4499546000 rw-p 00010000 08:01 25826528                   /usr/lib/jvm/java-8-oracle/jre/lib/amd64/libnio.so
7f4499546000-7f4499746000 rw-p 00000000 00:00 0 
7f4499746000-7f4499759000 r--s 00344000 08:01 25692706                   /usr/lib/jvm/java-8-oracle/jre/lib/resources.jar
7f4499759000-7f4499959000 rw-p 00000000 00:00 0 
7f4499959000-7f449995e000 r--s 00094000 08:01 25692705                   /usr/lib/jvm/java-8-oracle/jre/lib/jsse.jar
7f449995e000-7f4499b5e000 rw-p 00000000 00:00 0 
7f4499b5e000-7f4499d5e000 rw-p 00000000 00:00 0 
7f4499d5e000-7f4499f5e000 rw-p 00000000 00:00 0 
7f4499f5e000-7f4499f74000 r-xp 00000000 08:01 25826512                   /usr/lib/jvm/java-8-oracle/jre/lib/amd64/libnet.so
7f4499f74000-7f449a174000 ---p 00016000 08:01 25826512                   /usr/lib/jvm/java-8-oracle/jre/lib/amd64/libnet.so
7f449a174000-7f449a175000 rw-p 00016000 08:01 25826512                   /usr/lib/jvm/java-8-oracle/jre/lib/amd64/libnet.so
7f449a175000-7f449a17d000 r-xp 00000000 08:01 25826543                   /usr/lib/jvm/java-8-oracle/jre/lib/amd64/libmanagement.so
7f449a17d000-7f449a37d000 ---p 00008000 08:01 25826543                   /usr/lib/jvm/java-8-oracle/jre/lib/amd64/libmanagement.so
7f449a37d000-7f449a37e000 rw-p 00008000 08:01 25826543                   /usr/lib/jvm/java-8-oracle/jre/lib/amd64/libmanagement.so
7f449a37e000-7f449a39a000 r--s 00393000 08:01 25826585                   /usr/lib/jvm/java-8-oracle/jre/lib/ext/cldrdata.jar
7f449a39a000-7f449a3a5000 r--s 00116000 08:01 25826579                   /usr/lib/jvm/java-8-oracle/jre/lib/ext/localedata.jar
7f449a3a5000-7f449a3aa000 r--s 00016000 08:01 22675917                   /home/abhishek/.m2/repository/xml-apis/xml-apis/1.0.b2/xml-apis-1.0.b2.jar
7f449a3aa000-7f449a3af000 r--s 00048000 08:01 22675914                   /home/abhishek/.m2/repository/dom4j/dom4j/1.6.1/dom4j-1.6.1.jar
7f449a3af000-7f449a3b1000 r--s 00005000 08:01 22808866                   /home/abhishek/.m2/repository/stax/stax-api/1.0.1/stax-api-1.0.1.jar
7f449a3b1000-7f449a3ee000 r--s 0024f000 08:01 22809494                   /home/abhishek/.m2/repository/org/apache/xmlbeans/xmlbeans/2.3.0/xmlbeans-2.3.0.jar
7f449a3ee000-7f449a482000 r--s 00401000 08:01 22809491                   /home/abhishek/.m2/repository/org/apache/poi/poi-ooxml-schemas/3.9/poi-ooxml-schemas-3.9.jar
7f449a482000-7f449a484000 r--s 00010000 08:01 21762714                   /home/abhishek/.m2/repository/commons-codec/commons-codec/1.5/commons-codec-1.5.jar
7f449a484000-7f449a4a4000 r--s 001a9000 08:01 22809457                   /home/abhishek/.m2/repository/org/apache/poi/poi/3.9/poi-3.9.jar
7f449a4a4000-7f449a4b0000 r--s 000d9000 08:01 22809454                   /home/abhishek/.m2/repository/org/apache/poi/poi-ooxml/3.9/poi-ooxml-3.9.jar
7f449a4b0000-7f449a4ba000 r--s 00053000 08:01 23073907                   /home/abhishek/.m2/repository/org/springframework/batch/spring-batch-infrastructure/3.0.4.RELEASE/spring-batch-infrastructure-3.0.4.RELEASE.jar
7f449a4ba000-7f449a4bc000 r--s 00010000 08:01 22416675                   /home/abhishek/.m2/repository/org/codehaus/jettison/jettison/1.2/jettison-1.2.jar
7f449a4bc000-7f449a4be000 r--s 00005000 08:01 22544864                   /home/abhishek/.m2/repository/xpp3/xpp3_min/1.1.4c/xpp3_min-1.1.4c.jar
7f449a4be000-7f449a4bf000 r--s 00001000 08:01 22546309                   /home/abhishek/.m2/repository/xmlpull/xmlpull/1.1.3.1/xmlpull-1.1.3.1.jar
7f449a4bf000-7f449a4cc000 r--s 00075000 08:01 22546306                   /home/abhishek/.m2/repository/com/thoughtworks/xstream/xstream/1.4.7/xstream-1.4.7.jar
7f449a4cc000-7f449a4cf000 r--s 00006000 08:01 21627927                   /home/abhishek/.m2/repository/javax/batch/javax.batch-api/1.0/javax.batch-api-1.0.jar
7f449a4cf000-7f449a4d0000 r--s 00000000 08:01 22546303                   /home/abhishek/.m2/repository/com/ibm/jbatch/com.ibm.jbatch-tck-spi/1.0/com.ibm.jbatch-tck-spi-1.0.jar
7f449a4d0000-7f449a4e1000 r--s 000b0000 08:01 23073905                   /home/abhishek/.m2/repository/org/springframework/batch/spring-batch-core/3.0.4.RELEASE/spring-batch-core-3.0.4.RELEASE.jar
7f449a4e1000-7f449a4eb000 r--s 0005f000 08:01 23073903                   /home/abhishek/.m2/repository/org/springframework/spring-jdbc/4.1.7.RELEASE/spring-jdbc-4.1.7.RELEASE.jar
7f449a4eb000-7f449a4f9000 r--s 0015f000 08:01 23073901                   /home/abhishek/.m2/repository/org/hsqldb/hsqldb/2.3.3/hsqldb-2.3.3.jar
7f449a4f9000-7f449a4fa000 r--s 00000000 08:01 23073899                   /home/abhishek/.m2/repository/org/springframework/boot/spring-boot-starter-batch/1.2.5.RELEASE/spring-boot-starter-batch-1.2.5.RELEASE.jar
7f449a4fa000-7f449a4fc000 r--s 0000c000 08:01 22809451                   /home/abhishek/.m2/repository/net/minidev/json-smart/1.2/json-smart-1.2.jar
7f449a4fc000-7f449a502000 r--s 00036000 08:01 22677048                   /home/abhishek/.m2/repository/org/apache/tomcat/embed/tomcat-embed-websocket/8.0.23/tomcat-embed-websocket-8.0.23.jar
7f449a502000-7f449a503000 r--s 00009000 08:01 22677045                   /home/abhishek/.m2/repository/org/apache/tomcat/embed/tomcat-embed-logging-juli/8.0.23/tomcat-embed-logging-juli-8.0.23.jar
7f449a503000-7f449a508000 r--s 00036000 08:01 22677042                   /home/abhishek/.m2/repository/org/apache/tomcat/embed/tomcat-embed-el/8.0.23/tomcat-embed-el-8.0.23.jar
7f449a508000-7f449a52d000 r--s 00288000 08:01 22677039                   /home/abhishek/.m2/repository/org/apache/tomcat/embed/tomcat-embed-core/8.0.23/tomcat-embed-core-8.0.23.jar
7f449a52d000-7f449a52e000 r--s 00000000 08:01 23201302                   /home/abhishek/.m2/repository/org/springframework/boot/spring-boot-starter-tomcat/1.2.5.RELEASE/spring-boot-starter-tomcat-1.2.5.RELEASE.jar
7f449a52e000-7f449a530000 r--s 0000d000 08:01 21627936                   /home/abhishek/.m2/repository/com/fasterxml/classmate/1.0.0/classmate-1.0.0.jar
7f449a530000-7f449a532000 r--s 0000c000 08:01 22675887                   /home/abhishek/.m2/repository/org/jboss/logging/jboss-logging/3.1.3.GA/jboss-logging-3.1.3.GA.jar
7f449a532000-7f449a536000 r--s 0000c000 08:01 21627933                   /home/abhishek/.m2/repository/javax/validation/validation-api/1.1.0.Final/validation-api-1.1.0.Final.jar
7f449a536000-7f449a544000 r--s 0008d000 08:01 22676056                   /home/abhishek/.m2/repository/org/hibernate/hibernate-validator/5.1.3.Final/hibernate-validator-5.1.3.Final.jar
7f449a544000-7f449a548000 r--s 00034000 08:01 21762589                   /home/abhishek/.m2/repository/com/fasterxml/jackson/core/jackson-core/2.4.6/jackson-core-2.4.6.jar
7f449a548000-7f449a54b000 r--s 00007000 08:01 21762652                   /home/abhishek/.m2/repository/com/fasterxml/jackson/core/jackson-annotations/2.4.6/jackson-annotations-2.4.6.jar
7f449a54b000-7f449a55c000 r--s 000f7000 08:01 21762583                   /home/abhishek/.m2/repository/com/fasterxml/jackson/core/jackson-databind/2.4.6/jackson-databind-2.4.6.jar
7f449a55c000-7f449a55d000 r--s 00000000 08:01 23201300                   /home/abhishek/.m2/repository/org/springframework/boot/spring-boot-starter-web/1.2.5.RELEASE/spring-boot-starter-web-1.2.5.RELEASE.jar
7f449a55d000-7f449a55f000 r--s 00002000 08:01 23201292                   /home/abhishek/.m2/repository/org/springframework/integration/spring-integration-stream/4.1.5.RELEASE/spring-integration-stream-4.1.5.RELEASE.jar
7f449a55f000-7f449a563000 r--s 00028000 08:01 23201290                   /home/abhishek/.m2/repository/org/springframework/integration/spring-integration-ip/4.1.5.RELEASE/spring-integration-ip-4.1.5.RELEASE.jar
7f449a563000-7f449a565000 r--s 00010000 08:01 23201288                   /home/abhishek/.m2/repository/org/springframework/integration/spring-integration-http/4.1.5.RELEASE/spring-integration-http-4.1.5.RELEASE.jar
7f449a565000-7f449a569000 r--s 0002a000 08:01 21628919                   /home/abhishek/.m2/repository/commons-io/commons-io/2.4/commons-io-2.4.jar
7f449a569000-7f449a56e000 r--s 00021000 08:01 23201286                   /home/abhishek/.m2/repository/org/springframework/integration/spring-integration-file/4.1.5.RELEASE/spring-integration-file-4.1.5.RELEASE.jar
7f449a56e000-7f449a572000 r--s 00016000 08:01 22675998                   /home/abhishek/.m2/repository/org/springframework/retry/spring-retry/1.1.1.RELEASE/spring-retry-1.1.1.RELEASE.jar
7f449a572000-7f449a573000 r--s 00007000 08:01 22677021                   /home/abhishek/.m2/repository/org/slf4j/slf4j-api/1.7.12/slf4j-api-1.7.12.jar
7f449a573000-7f449a577000 r--s 00035000 08:01 22675995                   /home/abhishek/.m2/repository/io/gatling/jsr166e/1.0/jsr166e-1.0.jar
7f449a577000-7f449a57a000 r--s 0000f000 08:01 22675992                   /home/abhishek/.m2/repository/com/lmax/disruptor/3.2.1/disruptor-3.2.1.jar
7f449a57a000-7f449a598000 r--s 0006d000 08:01 22675989                   /home/abhishek/.m2/repository/com/goldmansachs/gs-collections-api/5.1.0/gs-collections-api-5.1.0.jar
7f449a598000-7f449a61d000 r--s 00792000 08:01 22675958                   /home/abhishek/.m2/repository/com/goldmansachs/gs-collections/5.1.0/gs-collections-5.1.0.jar
7f449a61d000-7f449a627000 r--s 00061000 08:01 23201284                   /home/abhishek/.m2/repository/org/projectreactor/reactor-core/1.1.6.RELEASE/reactor-core-1.1.6.RELEASE.jar
7f449a627000-7f449a63a000 r--s 000bc000 08:01 23201282                   /home/abhishek/.m2/repository/org/springframework/integration/spring-integration-core/4.1.5.RELEASE/spring-integration-core-4.1.5.RELEASE.jar
7f449a63a000-7f449a63f000 r--s 0003b000 08:01 23073915                   /home/abhishek/.m2/repository/org/springframework/spring-expression/4.1.7.RELEASE/spring-expression-4.1.7.RELEASE.jar
7f449a63f000-7f449a64f000 r--s 000b0000 08:01 23201280                   /home/abhishek/.m2/repository/org/springframework/spring-webmvc/4.1.7.RELEASE/spring-webmvc-4.1.7.RELEASE.jar
7f449a64f000-7f449a65f000 r--s 000a1000 08:01 23201278                   /home/abhishek/.m2/repository/org/springframework/spring-web/4.1.7.RELEASE/spring-web-4.1.7.RELEASE.jar
7f449a65f000-7f449a666000 r--s 00037000 08:01 23201260                   /home/abhishek/.m2/repository/org/springframework/spring-tx/4.1.7.RELEASE/spring-tx-4.1.7.RELEASE.jar
7f449a666000-7f449a67e000 r--s 000e3000 08:01 23201258                   /home/abhishek/.m2/repository/org/springframework/spring-context/4.1.7.RELEASE/spring-context-4.1.7.RELEASE.jar
7f449a67e000-7f449a685000 r--s 0003f000 08:01 23073893                   /home/abhishek/.m2/repository/org/springframework/spring-messaging/4.1.7.RELEASE/spring-messaging-4.1.7.RELEASE.jar
7f449a685000-7f449a69e000 r--s 001ae000 08:01 23201266                   /home/abhishek/.m2/repository/org/aspectj/aspectjweaver/1.8.6/aspectjweaver-1.8.6.jar
7f449a69e000-7f449a6b3000 r--s 000e2000 08:01 23073891                   /home/abhishek/.m2/repository/org/springframework/spring-core/4.1.7.RELEASE/spring-core-4.1.7.RELEASE.jar
7f449a6b3000-7f449a6c0000 r--s 000a1000 08:01 23201256                   /home/abhishek/.m2/repository/org/springframework/spring-beans/4.1.7.RELEASE/spring-beans-4.1.7.RELEASE.jar
7f449a6c0000-7f449a6c9000 r--s 0004f000 08:01 23201262                   /home/abhishek/.m2/repository/org/springframework/spring-aop/4.1.7.RELEASE/spring-aop-4.1.7.RELEASE.jar
7f449a6c9000-7f449a6d0000 r--s 0003d000 08:01 22285953                   /home/abhishek/.m2/repository/org/yaml/snakeyaml/1.14/snakeyaml-1.14.jar
7f449a6d0000-7f449a6db000 r--s 00065000 08:01 22677033                   /home/abhishek/.m2/repository/ch/qos/logback/logback-core/1.1.3/logback-core-1.1.3.jar
7f449a6db000-7f449a6eb000 r--s 0006b000 08:01 23073887                   /home/abhishek/.m2/repository/org/springframework/boot/spring-boot-autoconfigure/1.2.5.RELEASE/spring-boot-autoconfigure-1.2.5.RELEASE.jar
7f449a6eb000-7f449a6ec000 ---p 00000000 00:00 0 
7f449a6ec000-7f449a7ec000 rw-p 00000000 00:00 0                          [stack:8798]
7f449a7ec000-7f449a7ef000 ---p 00000000 00:00 0 
7f449a7ef000-7f449a8ed000 rw-p 00000000 00:00 0                          [stack:8797]
7f449a8ed000-7f449a8f0000 ---p 00000000 00:00 0 
7f449a8f0000-7f449a9ee000 rw-p 00000000 00:00 0                          [stack:8796]
7f449a9ee000-7f449a9f1000 ---p 00000000 00:00 0 
7f449a9f1000-7f449aaef000 rw-p 00000000 00:00 0                          [stack:8795]
7f449aaef000-7f449aaf2000 ---p 00000000 00:00 0 
7f449aaf2000-7f449abf0000 rw-p 00000000 00:00 0                          [stack:8794]
7f449abf0000-7f449abf3000 ---p 00000000 00:00 0 
7f449abf3000-7f449acf1000 rw-p 00000000 00:00 0                          [stack:8793]
7f449acf1000-7f449b3d3000 r--p 00000000 08:01 24779318                   /usr/lib/locale/locale-archive
7f449b3d3000-7f449b3d6000 ---p 00000000 00:00 0 
7f449b3d6000-7f449b4d4000 rw-p 00000000 00:00 0                          [stack:8792]
7f449b4d4000-7f449b4d7000 ---p 00000000 00:00 0 
7f449b4d7000-7f449b5d5000 rw-p 00000000 00:00 0                          [stack:8791]
7f449b5d5000-7f449b5d6000 ---p 00000000 00:00 0 
7f449b5d6000-7f449c000000 rw-p 00000000 00:00 0                          [stack:8790]
7f449c000000-7f449c021000 rw-p 00000000 00:00 0 
7f449c021000-7f44a0000000 ---p 00000000 00:00 0 
7f44a0000000-7f44a0627000 rw-p 00000000 00:00 0 
7f44a0627000-7f44a0800000 r--s 03d09000 08:01 25692707                   /usr/lib/jvm/java-8-oracle/jre/lib/rt.jar
7f44a0800000-7f44a1000000 rw-p 00000000 00:00 0 
7f44a1000000-7f44a1ff0000 rwxp 00000000 00:00 0 
7f44a1ff0000-7f44b0000000 ---p 00000000 00:00 0 
7f44b0000000-7f44b1525000 rw-p 00000000 00:00 0 
7f44b1525000-7f44b4000000 ---p 00000000 00:00 0 
7f44b4000000-7f44b4004000 r--s 00019000 08:01 23201264                   /home/abhishek/.m2/repository/org/aspectj/aspectjrt/1.8.6/aspectjrt-1.8.6.jar
7f44b4004000-7f44b400a000 r--s 0003f000 08:01 22677030                   /home/abhishek/.m2/repository/ch/qos/logback/logback-classic/1.1.3/logback-classic-1.1.3.jar
7f44b400a000-7f44b60e1000 rw-p 00000000 00:00 0 
7f44b60e1000-7f44b60e2000 ---p 00000000 00:00 0 
7f44b60e2000-7f44b61e2000 rw-p 00000000 00:00 0                          [stack:8789]
7f44b61e2000-7f44b61e3000 ---p 00000000 00:00 0 
7f44b61e3000-7f44b62e3000 rw-p 00000000 00:00 0                          [stack:8788]
7f44b62e3000-7f44b62e4000 ---p 00000000 00:00 0 
7f44b62e4000-7f44b63e4000 rw-p 00000000 00:00 0                          [stack:8787]
7f44b63e4000-7f44b63e5000 ---p 00000000 00:00 0 
7f44b63e5000-7f44b65b7000 rw-p 00000000 00:00 0                          [stack:8786]
7f44b65b7000-7f44b6626000 ---p 00000000 00:00 0 
7f44b6626000-7f44b66f8000 rw-p 00000000 00:00 0 
7f44b66f8000-7f44b6766000 ---p 00000000 00:00 0 
7f44b6766000-7f44b6807000 rw-p 00000000 00:00 0 
7f44b6807000-7f44b6848000 rw-p 00000000 00:00 0 
7f44b6848000-7f44b6bc8000 ---p 00000000 00:00 0 
7f44b6bc8000-7f44b6be2000 r-xp 00000000 08:01 25826552                   /usr/lib/jvm/java-8-oracle/jre/lib/amd64/libzip.so
7f44b6be2000-7f44b6de2000 ---p 0001a000 08:01 25826552                   /usr/lib/jvm/java-8-oracle/jre/lib/amd64/libzip.so
7f44b6de2000-7f44b6de3000 rw-p 0001a000 08:01 25826552                   /usr/lib/jvm/java-8-oracle/jre/lib/amd64/libzip.so
7f44b6de3000-7f44b6dee000 r-xp 00000000 08:01 8388627                    /lib/x86_64-linux-gnu/libnss_files-2.19.so
7f44b6dee000-7f44b6fed000 ---p 0000b000 08:01 8388627                    /lib/x86_64-linux-gnu/libnss_files-2.19.so
7f44b6fed000-7f44b6fee000 r--p 0000a000 08:01 8388627                    /lib/x86_64-linux-gnu/libnss_files-2.19.so
7f44b6fee000-7f44b6fef000 rw-p 0000b000 08:01 8388627                    /lib/x86_64-linux-gnu/libnss_files-2.19.so
7f44b6fef000-7f44b6ffa000 r-xp 00000000 08:01 8392552                    /lib/x86_64-linux-gnu/libnss_nis-2.19.so
7f44b6ffa000-7f44b71f9000 ---p 0000b000 08:01 8392552                    /lib/x86_64-linux-gnu/libnss_nis-2.19.so
7f44b71f9000-7f44b71fa000 r--p 0000a000 08:01 8392552                    /lib/x86_64-linux-gnu/libnss_nis-2.19.so
7f44b71fa000-7f44b71fb000 rw-p 0000b000 08:01 8392552                    /lib/x86_64-linux-gnu/libnss_nis-2.19.so
7f44b71fb000-7f44b7212000 r-xp 00000000 08:01 8388702                    /lib/x86_64-linux-gnu/libnsl-2.19.so
7f44b7212000-7f44b7411000 ---p 00017000 08:01 8388702                    /lib/x86_64-linux-gnu/libnsl-2.19.so
7f44b7411000-7f44b7412000 r--p 00016000 08:01 8388702                    /lib/x86_64-linux-gnu/libnsl-2.19.so
7f44b7412000-7f44b7413000 rw-p 00017000 08:01 8388702                    /lib/x86_64-linux-gnu/libnsl-2.19.so
7f44b7413000-7f44b7415000 rw-p 00000000 00:00 0 
7f44b7415000-7f44b741e000 r-xp 00000000 08:01 8388701                    /lib/x86_64-linux-gnu/libnss_compat-2.19.so
7f44b741e000-7f44b761d000 ---p 00009000 08:01 8388701                    /lib/x86_64-linux-gnu/libnss_compat-2.19.so
7f44b761d000-7f44b761e000 r--p 00008000 08:01 8388701                    /lib/x86_64-linux-gnu/libnss_compat-2.19.so
7f44b761e000-7f44b761f000 rw-p 00009000 08:01 8388701                    /lib/x86_64-linux-gnu/libnss_compat-2.19.so
7f44b761f000-7f44b7649000 r-xp 00000000 08:01 25826554                   /usr/lib/jvm/java-8-oracle/jre/lib/amd64/libjava.so
7f44b7649000-7f44b7849000 ---p 0002a000 08:01 25826554                   /usr/lib/jvm/java-8-oracle/jre/lib/amd64/libjava.so
7f44b7849000-7f44b784b000 rw-p 0002a000 08:01 25826554                   /usr/lib/jvm/java-8-oracle/jre/lib/amd64/libjava.so
7f44b784b000-7f44b7858000 r-xp 00000000 08:01 25826555                   /usr/lib/jvm/java-8-oracle/jre/lib/amd64/libverify.so
7f44b7858000-7f44b7a58000 ---p 0000d000 08:01 25826555                   /usr/lib/jvm/java-8-oracle/jre/lib/amd64/libverify.so
7f44b7a58000-7f44b7a5a000 rw-p 0000d000 08:01 25826555                   /usr/lib/jvm/java-8-oracle/jre/lib/amd64/libverify.so
7f44b7a5a000-7f44b7a61000 r-xp 00000000 08:01 8388710                    /lib/x86_64-linux-gnu/librt-2.19.so
7f44b7a61000-7f44b7c60000 ---p 00007000 08:01 8388710                    /lib/x86_64-linux-gnu/librt-2.19.so
7f44b7c60000-7f44b7c61000 r--p 00006000 08:01 8388710                    /lib/x86_64-linux-gnu/librt-2.19.so
7f44b7c61000-7f44b7c62000 rw-p 00007000 08:01 8388710                    /lib/x86_64-linux-gnu/librt-2.19.so
7f44b7c62000-7f44b7d67000 r-xp 00000000 08:01 8388623                    /lib/x86_64-linux-gnu/libm-2.19.so
7f44b7d67000-7f44b7f66000 ---p 00105000 08:01 8388623                    /lib/x86_64-linux-gnu/libm-2.19.so
7f44b7f66000-7f44b7f67000 r--p 00104000 08:01 8388623                    /lib/x86_64-linux-gnu/libm-2.19.so
7f44b7f67000-7f44b7f68000 rw-p 00105000 08:01 8388623                    /lib/x86_64-linux-gnu/libm-2.19.so
7f44b7f68000-7f44b8c16000 r-xp 00000000 08:01 25826536                   /usr/lib/jvm/java-8-oracle/jre/lib/amd64/server/libjvm.so
7f44b8c16000-7f44b8e15000 ---p 00cae000 08:01 25826536                   /usr/lib/jvm/java-8-oracle/jre/lib/amd64/server/libjvm.so
7f44b8e15000-7f44b8eec000 rw-p 00cad000 08:01 25826536                   /usr/lib/jvm/java-8-oracle/jre/lib/amd64/server/libjvm.so
7f44b8eec000-7f44b8f30000 rw-p 00000000 00:00 0 
7f44b8f30000-7f44b90eb000 r-xp 00000000 08:01 8388707                    /lib/x86_64-linux-gnu/libc-2.19.so
7f44b90eb000-7f44b92ea000 ---p 001bb000 08:01 8388707                    /lib/x86_64-linux-gnu/libc-2.19.so
7f44b92ea000-7f44b92ee000 r--p 001ba000 08:01 8388707                    /lib/x86_64-linux-gnu/libc-2.19.so
7f44b92ee000-7f44b92f0000 rw-p 001be000 08:01 8388707                    /lib/x86_64-linux-gnu/libc-2.19.so
7f44b92f0000-7f44b92f5000 rw-p 00000000 00:00 0 
7f44b92f5000-7f44b92f8000 r-xp 00000000 08:01 8388638                    /lib/x86_64-linux-gnu/libdl-2.19.so
7f44b92f8000-7f44b94f7000 ---p 00003000 08:01 8388638                    /lib/x86_64-linux-gnu/libdl-2.19.so
7f44b94f7000-7f44b94f8000 r--p 00002000 08:01 8388638                    /lib/x86_64-linux-gnu/libdl-2.19.so
7f44b94f8000-7f44b94f9000 rw-p 00003000 08:01 8388638                    /lib/x86_64-linux-gnu/libdl-2.19.so
7f44b94f9000-7f44b950e000 r-xp 00000000 08:01 26223106                   /usr/lib/jvm/java-8-oracle/lib/amd64/jli/libjli.so
7f44b950e000-7f44b970e000 ---p 00015000 08:01 26223106                   /usr/lib/jvm/java-8-oracle/lib/amd64/jli/libjli.so
7f44b970e000-7f44b970f000 rw-p 00015000 08:01 26223106                   /usr/lib/jvm/java-8-oracle/lib/amd64/jli/libjli.so
7f44b970f000-7f44b9728000 r-xp 00000000 08:01 8388708                    /lib/x86_64-linux-gnu/libpthread-2.19.so
7f44b9728000-7f44b9927000 ---p 00019000 08:01 8388708                    /lib/x86_64-linux-gnu/libpthread-2.19.so
7f44b9927000-7f44b9928000 r--p 00018000 08:01 8388708                    /lib/x86_64-linux-gnu/libpthread-2.19.so
7f44b9928000-7f44b9929000 rw-p 00019000 08:01 8388708                    /lib/x86_64-linux-gnu/libpthread-2.19.so
7f44b9929000-7f44b992d000 rw-p 00000000 00:00 0 
7f44b992d000-7f44b9950000 r-xp 00000000 08:01 8388704                    /lib/x86_64-linux-gnu/ld-2.19.so
7f44b9950000-7f44b9951000 r--s 00000000 08:01 23201276                   /home/abhishek/.m2/repository/org/springframework/boot/spring-boot-starter-integration/1.2.5.RELEASE/spring-boot-starter-integration-1.2.5.RELEASE.jar
7f44b9951000-7f44b9953000 r--s 00000000 08:01 22021447                   /home/abhishek/.m2/repository/aopalliance/aopalliance/1.0/aopalliance-1.0.jar
7f44b9953000-7f44b9954000 r--s 00005000 08:01 22677027                   /home/abhishek/.m2/repository/org/slf4j/log4j-over-slf4j/1.7.12/log4j-over-slf4j-1.7.12.jar
7f44b9954000-7f44b9956000 r--s 00000000 08:01 22677024                   /home/abhishek/.m2/repository/org/slf4j/jul-to-slf4j/1.7.12/jul-to-slf4j-1.7.12.jar
7f44b9956000-7f44b9958000 r--s 00003000 08:01 22677018                   /home/abhishek/.m2/repository/org/slf4j/jcl-over-slf4j/1.7.12/jcl-over-slf4j-1.7.12.jar
7f44b9958000-7f44b9959000 r--s 00000000 08:01 23073889                   /home/abhishek/.m2/repository/org/springframework/boot/spring-boot-starter-logging/1.2.5.RELEASE/spring-boot-starter-logging-1.2.5.RELEASE.jar
7f44b9959000-7f44b9a31000 rw-p 00000000 00:00 0 
7f44b9a31000-7f44b9a34000 ---p 00000000 00:00 0 
7f44b9a34000-7f44b9b36000 rw-p 00000000 00:00 0                          [stack:8784]
7f44b9b36000-7f44b9b41000 r--s 0005f000 08:01 23073885                   /home/abhishek/.m2/repository/org/springframework/boot/spring-boot/1.2.5.RELEASE/spring-boot-1.2.5.RELEASE.jar
7f44b9b41000-7f44b9b42000 r--s 00000000 08:01 23073883                   /home/abhishek/.m2/repository/org/springframework/boot/spring-boot-starter/1.2.5.RELEASE/spring-boot-starter-1.2.5.RELEASE.jar
7f44b9b42000-7f44b9b43000 r--s 00000000 08:01 23073911                   /home/abhishek/.m2/repository/org/springframework/boot/spring-boot-starter-aop/1.2.5.RELEASE/spring-boot-starter-aop-1.2.5.RELEASE.jar
7f44b9b43000-7f44b9b4b000 rw-s 00000000 08:01 21102625                   /tmp/hsperfdata_abhishek/8779
7f44b9b4b000-7f44b9b4c000 rw-p 00000000 00:00 0 
7f44b9b4c000-7f44b9b4d000 r--p 00000000 00:00 0 
7f44b9b4d000-7f44b9b4f000 rw-p 00000000 00:00 0 
7f44b9b4f000-7f44b9b50000 r--p 00022000 08:01 8388704                    /lib/x86_64-linux-gnu/ld-2.19.so
7f44b9b50000-7f44b9b51000 rw-p 00023000 08:01 8388704                    /lib/x86_64-linux-gnu/ld-2.19.so
7f44b9b51000-7f44b9b52000 rw-p 00000000 00:00 0 
7fffb23ff000-7fffb2422000 rw-p 00000000 00:00 0                          [stack]
7fffb25fa000-7fffb25fc000 r-xp 00000000 00:00 0                          [vdso]
7fffb25fc000-7fffb25fe000 r--p 00000000 00:00 0                          [vvar]
ffffffffff600000-ffffffffff601000 r-xp 00000000 00:00 0                  [vsyscall]

VM Arguments:
jvm_args: -Dfile.encoding=UTF-8 
java_command: com.staples.SkuBuildApplication
java_class_path (initial): /home/abhishek/repo/SKU_Build/SKUBuild/target/classes:/home/abhishek/.m2/repository/org/springframework/boot/spring-boot-starter-aop/1.2.5.RELEASE/spring-boot-starter-aop-1.2.5.RELEASE.jar:/home/abhishek/.m2/repository/org/springframework/boot/spring-boot-starter/1.2.5.RELEASE/spring-boot-starter-1.2.5.RELEASE.jar:/home/abhishek/.m2/repository/org/springframework/boot/spring-boot/1.2.5.RELEASE/spring-boot-1.2.5.RELEASE.jar:/home/abhishek/.m2/repository/org/springframework/boot/spring-boot-autoconfigure/1.2.5.RELEASE/spring-boot-autoconfigure-1.2.5.RELEASE.jar:/home/abhishek/.m2/repository/org/springframework/boot/spring-boot-starter-logging/1.2.5.RELEASE/spring-boot-starter-logging-1.2.5.RELEASE.jar:/home/abhishek/.m2/repository/org/slf4j/jcl-over-slf4j/1.7.12/jcl-over-slf4j-1.7.12.jar:/home/abhishek/.m2/repository/org/slf4j/jul-to-slf4j/1.7.12/jul-to-slf4j-1.7.12.jar:/home/abhishek/.m2/repository/org/slf4j/log4j-over-slf4j/1.7.12/log4j-over-slf4j-1.7.12.jar:/home/abhishek/.m2/repository/ch/qos/logback/logback-classic/1.1.3/logback-classic-1.1.3.jar:/home/abhishek/.m2/repository/ch/qos/logback/logback-core/1.1.3/logback-core-1.1.3.jar:/home/abhishek/.m2/repository/org/yaml/snakeyaml/1.14/snakeyaml-1.14.jar:/home/abhishek/.m2/repository/org/springframework/spring-aop/4.1.7.RELEASE/spring-aop-4.1.7.RELEASE.jar:/home/abhishek/.m2/repository/aopalliance/aopalliance/1.0/aopalliance-1.0.jar:/home/abhishek/.m2/repository/org/springframework/spring-beans/4.1.7.RELEASE/spring-beans-4.1.7.RELEASE.jar:/home/abhishek/.m2/repository/org/springframework/spring-core/4.1.7.RELEASE/spring-core-4.1.7.RELEASE.jar:/home/abhishek/.m2/repository/org/aspectj/aspectjrt/1.8.6/aspectjrt-1.8.6.jar:/home/abhishek/.m2/repository/org/aspectj/aspectjweaver/1.8.6/aspectjweaver-1.8.6.jar:/home/abhishek/.m2/repository/org/springframework/boot/spring-boot-starter-integration/1.2.5.RELEASE/spring-boot-starter-integration-1.2.5.RELEASE.jar:/home/abhishek/.m2/repository/org/
Launcher Type: SUN_STANDARD

Environment Variables:
PATH=/usr/local/sbin:/usr/local/bin:/usr/sbin:/usr/bin:/sbin:/bin:/usr/games:/usr/local/games
SHELL=/bin/bash
DISPLAY=:0.0

Signal Handlers:
SIGSEGV: [libjvm.so+0xaad1e0], sa_mask[0]=11111111011111111101111111111110, sa_flags=SA_RESTART|SA_SIGINFO
SIGBUS: [libjvm.so+0xaad1e0], sa_mask[0]=11111111011111111101111111111110, sa_flags=SA_RESTART|SA_SIGINFO
SIGFPE: [libjvm.so+0x90b450], sa_mask[0]=11111111011111111101111111111110, sa_flags=SA_RESTART|SA_SIGINFO
SIGPIPE: [libjvm.so+0x90b450], sa_mask[0]=11111111011111111101111111111110, sa_flags=SA_RESTART|SA_SIGINFO
SIGXFSZ: [libjvm.so+0x90b450], sa_mask[0]=11111111011111111101111111111110, sa_flags=SA_RESTART|SA_SIGINFO
SIGILL: [libjvm.so+0x90b450], sa_mask[0]=11111111011111111101111111111110, sa_flags=SA_RESTART|SA_SIGINFO
SIGUSR1: SIG_DFL, sa_mask[0]=00000000000000000000000000000000, sa_flags=none
SIGUSR2: [libjvm.so+0x90ca90], sa_mask[0]=00100000000000000000000000000000, sa_flags=SA_RESTART|SA_SIGINFO
SIGHUP: [libjvm.so+0x90dde0], sa_mask[0]=11111111011111111101111111111110, sa_flags=SA_RESTART|SA_SIGINFO
SIGINT: [libjvm.so+0x90dde0], sa_mask[0]=11111111011111111101111111111110, sa_flags=SA_RESTART|SA_SIGINFO
SIGTERM: [libjvm.so+0x90dde0], sa_mask[0]=11111111011111111101111111111110, sa_flags=SA_RESTART|SA_SIGINFO
SIGQUIT: [libjvm.so+0x90dde0], sa_mask[0]=11111111011111111101111111111110, sa_flags=SA_RESTART|SA_SIGINFO


---------------  S Y S T E M  ---------------

OS:DISTRIB_ID=Ubuntu
DISTRIB_RELEASE=14.04
DISTRIB_CODENAME=trusty
DISTRIB_DESCRIPTION="Ubuntu 14.04.2 LTS"

uname:Linux 3.16.0-44-generic #59~14.04.1-Ubuntu SMP Tue Jul 7 15:07:27 UTC 2015 x86_64
libc:glibc 2.19 NPTL 2.19 
rlimit: STACK 8192k, CORE 0k, NPROC 15289, NOFILE 4096, AS infinity
load average:7.56 6.57 3.09

/proc/meminfo:
MemTotal:        3935456 kB
MemFree:          368788 kB
MemAvailable:     516492 kB
Buffers:           18356 kB
Cached:           684104 kB
SwapCached:        40740 kB
Active:          2456776 kB
Inactive:         919352 kB
Active(anon):    2282016 kB
Inactive(anon):   797800 kB
Active(file):     174760 kB
Inactive(file):   121552 kB
Unevictable:          32 kB
Mlocked:              32 kB
SwapTotal:       4079612 kB
SwapFree:        3399624 kB
Dirty:              5044 kB
Writeback:             0 kB
AnonPages:       2652096 kB
Mapped:           306420 kB
Shmem:            406148 kB
Slab:              75228 kB
SReclaimable:      40672 kB
SUnreclaim:        34556 kB
KernelStack:       12720 kB
PageTables:        47200 kB
NFS_Unstable:          0 kB
Bounce:                0 kB
WritebackTmp:          0 kB
CommitLimit:     6047340 kB
Committed_AS:    8615720 kB
VmallocTotal:   34359738367 kB
VmallocUsed:      349044 kB
VmallocChunk:   34359310700 kB
HardwareCorrupted:     0 kB
AnonHugePages:   1462272 kB
HugePages_Total:       0
HugePages_Free:        0
HugePages_Rsvd:        0
HugePages_Surp:        0
Hugepagesize:       2048 kB
DirectMap4k:       53556 kB
DirectMap2M:     1931264 kB
DirectMap1G:     2097152 kB


CPU:total 4 (4 cores per cpu, 1 threads per core) family 6 model 60 stepping 3, cmov, cx8, fxsr, mmx, sse, sse2, sse3, ssse3, sse4.1, sse4.2, popcnt, avx, avx2, aes, clmul, erms, lzcnt, tsc, tscinvbit, bmi1, bmi2

/proc/cpuinfo:
processor	: 0
vendor_id	: GenuineIntel
cpu family	: 6
model		: 60
model name	: Intel(R) Core(TM) i5-4590T CPU @ 2.00GHz
stepping	: 3
microcode	: 0x1c
cpu MHz		: 2798.203
cache size	: 6144 KB
physical id	: 0
siblings	: 4
core id		: 0
cpu cores	: 4
apicid		: 0
initial apicid	: 0
fpu		: yes
fpu_exception	: yes
cpuid level	: 13
wp		: yes
flags		: fpu vme de pse tsc msr pae mce cx8 apic sep mtrr pge mca cmov pat pse36 clflush dts acpi mmx fxsr sse sse2 ss ht tm pbe syscall nx pdpe1gb rdtscp lm constant_tsc arch_perfmon pebs bts rep_good nopl xtopology nonstop_tsc aperfmperf eagerfpu pni pclmulqdq dtes64 monitor ds_cpl vmx smx est tm2 ssse3 fma cx16 xtpr pdcm pcid sse4_1 sse4_2 x2apic movbe popcnt tsc_deadline_timer aes xsave avx f16c rdrand lahf_lm abm ida arat epb xsaveopt pln pts dtherm tpr_shadow vnmi flexpriority ept vpid fsgsbase tsc_adjust bmi1 avx2 smep bmi2 erms invpcid
bogomips	: 3990.67
clflush size	: 64
cache_alignment	: 64
address sizes	: 39 bits physical, 48 bits virtual
power management:

processor	: 1
vendor_id	: GenuineIntel
cpu family	: 6
model		: 60
model name	: Intel(R) Core(TM) i5-4590T CPU @ 2.00GHz
stepping	: 3
microcode	: 0x1c
cpu MHz		: 2836.093
cache size	: 6144 KB
physical id	: 0
siblings	: 4
core id		: 1
cpu cores	: 4
apicid		: 2
initial apicid	: 2
fpu		: yes
fpu_exception	: yes
cpuid level	: 13
wp		: yes
flags		: fpu vme de pse tsc msr pae mce cx8 apic sep mtrr pge mca cmov pat pse36 clflush dts acpi mmx fxsr sse sse2 ss ht tm pbe syscall nx pdpe1gb rdtscp lm constant_tsc arch_perfmon pebs bts rep_good nopl xtopology nonstop_tsc aperfmperf eagerfpu pni pclmulqdq dtes64 monitor ds_cpl vmx smx est tm2 ssse3 fma cx16 xtpr pdcm pcid sse4_1 sse4_2 x2apic movbe popcnt tsc_deadline_timer aes xsave avx f16c rdrand lahf_lm abm ida arat epb xsaveopt pln pts dtherm tpr_shadow vnmi flexpriority ept vpid fsgsbase tsc_adjust bmi1 avx2 smep bmi2 erms invpcid
bogomips	: 3990.67
clflush size	: 64
cache_alignment	: 64
address sizes	: 39 bits physical, 48 bits virtual
power management:

processor	: 2
vendor_id	: GenuineIntel
cpu family	: 6
model		: 60
model name	: Intel(R) Core(TM) i5-4590T CPU @ 2.00GHz
stepping	: 3
microcode	: 0x1c
cpu MHz		: 2672.500
cache size	: 6144 KB
physical id	: 0
siblings	: 4
core id		: 2
cpu cores	: 4
apicid		: 4
initial apicid	: 4
fpu		: yes
fpu_exception	: yes
cpuid level	: 13
wp		: yes
flags		: fpu vme de pse tsc msr pae mce cx8 apic sep mtrr pge mca cmov pat pse36 clflush dts acpi mmx fxsr sse sse2 ss ht tm pbe syscall nx pdpe1gb rdtscp lm constant_tsc arch_perfmon pebs bts rep_good nopl xtopology nonstop_tsc aperfmperf eagerfpu pni pclmulqdq dtes64 monitor ds_cpl vmx smx est tm2 ssse3 fma cx16 xtpr pdcm pcid sse4_1 sse4_2 x2apic movbe popcnt tsc_deadline_timer aes xsave avx f16c rdrand lahf_lm abm ida arat epb xsaveopt pln pts dtherm tpr_shadow vnmi flexpriority ept vpid fsgsbase tsc_adjust bmi1 avx2 smep bmi2 erms invpcid
bogomips	: 3990.67
clflush size	: 64
cache_alignment	: 64
address sizes	: 39 bits physical, 48 bits virtual
power management:

processor	: 3
vendor_id	: GenuineIntel
cpu family	: 6
model		: 60
model name	: Intel(R) Core(TM) i5-4590T CPU @ 2.00GHz
stepping	: 3
microcode	: 0x1c
cpu MHz		: 2657.734
cache size	: 6144 KB
physical id	: 0
siblings	: 4
core id		: 3
cpu cores	: 4
apicid		: 6
initial apicid	: 6
fpu		: yes
fpu_exception	: yes
cpuid level	: 13
wp		: yes
flags		: fpu vme de pse tsc msr pae mce cx8 apic sep mtrr pge mca cmov pat pse36 clflush dts acpi mmx fxsr sse sse2 ss ht tm pbe syscall nx pdpe1gb rdtscp lm constant_tsc arch_perfmon pebs bts rep_good nopl xtopology nonstop_tsc aperfmperf eagerfpu pni pclmulqdq dtes64 monitor ds_cpl vmx smx est tm2 ssse3 fma cx16 xtpr pdcm pcid sse4_1 sse4_2 x2apic movbe popcnt tsc_deadline_timer aes xsave avx f16c rdrand lahf_lm abm ida arat epb xsaveopt pln pts dtherm tpr_shadow vnmi flexpriority ept vpid fsgsbase tsc_adjust bmi1 avx2 smep bmi2 erms invpcid
bogomips	: 3990.67
clflush size	: 64
cache_alignment	: 64
address sizes	: 39 bits physical, 48 bits virtual
power management:



Memory: 4k page, physical 3935456k(368788k free), swap 4079612k(3399624k free)

vm_info: Java HotSpot(TM) 64-Bit Server VM (25.45-b02) for linux-amd64 JRE (1.8.0_45-b14), built on Apr 10 2015 10:07:45 by "java_re" with gcc 4.3.0 20080428 (Red Hat 4.3.0-8)

time: Thu Jul 30 14:19:22 2015
elapsed time: 38 seconds (0d 0h 0m 38s)

