#
# A fatal error has been detected by the Java Runtime Environment:
#
#  SIGBUS (0x7) at pc=0x00007f7825b167d2, pid=8493, tid=140153508529920
#
# JRE version: Java(TM) SE Runtime Environment (8.0_45-b14) (build 1.8.0_45-b14)
# Java VM: Java HotSpot(TM) 64-Bit Server VM (25.45-b02 mixed mode linux-amd64 compressed oops)
# Problematic frame:
# C  [libzip.so+0x117d2]  newEntry+0x62
#
# Failed to write core dump. Core dumps have been disabled. To enable core dumping, try "ulimit -c unlimited" before starting Java again
#
# If you would like to submit a bug report, please visit:
#   http://bugreport.java.com/bugreport/crash.jsp
# The crash happened outside the Java Virtual Machine in native code.
# See problematic frame for where to report the bug.
#

---------------  T H R E A D  ---------------

Current thread (0x00007f77b4001800):  JavaThread "http-nio-8080-exec-1" daemon [_thread_in_native, id=8532, stack(0x00007f7808070000,0x00007f7808171000)]

siginfo: si_signo: 7 (SIGBUS), si_code: 2 (BUS_ADRERR), si_addr: 0x00007f780806a036

Registers:
RAX=0x00007f77d048ae60, RBX=0x00007f77d05e3df0, RCX=0x00007f77d0000020, RDX=0x00007f77d048ae60
RSP=0x00007f780816d2a0, RBP=0x00007f780816d2f0, RSI=0x00007f77d0000038, RDI=0x00007f77d0000020
R8 =0x0000000000000003, R9 =0x0000000000000005, R10=0x00007f781114a558, R11=0x00007f7827ff4a30
R12=0x00007f780806a019, R13=0x00007f77d048ae60, R14=0x000000004eecb6d3, R15=0x00007f77d05e4190
RIP=0x00007f7825b167d2, EFLAGS=0x0000000000010202, CSGSFS=0x0000000000000033, ERR=0x0000000000000004
  TRAPNO=0x000000000000000e

Top of Stack: (sp=0x00007f780816d2a0)
0x00007f780816d2a0:   00000000edf31770 00007f7700000000
0x00007f780816d2b0:   00000001000007a8 00007f782776f42e
0x00007f780816d2c0:   00007f77d048ae60 00007f77d05e3df0
0x00007f780816d2d0:   00007f77d048aeb0 00007f77d05e4190
0x00007f780816d2e0:   000000004eecb6d3 0000000000000010
0x00007f780816d2f0:   00007f780816d350 00007f7825b16f2f
0x00007f780816d300:   00007f77b4001800 0000000000000000
0x00007f780816d310:   00007f780816d370 00007f780816d381
0x00007f780816d320:   00007f780816d37f 00007f780816d370
0x00007f780816d330:   0000000000000010 00007f77b40019f8
0x00007f780816d340:   00007f780816d7c8 0000000000000000
0x00007f780816d350:   00007f780816d7b0 00007f7825b08d30
0x00007f780816d360:   00007f77b4001800 00007f77d05e4190
0x00007f780816d370:   73706f7250636f64 6c6d782e7070612f
0x00007f780816d380:   00000000edf31a00 00000000edf31b60
0x00007f780816d390:   000000000000000d 0000000000002a24
0x00007f780816d3a0:   0000000000000000 00000000edf31950
0x00007f780816d3b0:   00007f780816d3e0 00007f780816d3e0
0x00007f780816d3c0:   00007f7824bb4560 0000000000000073
0x00007f780816d3d0:   0000000000000004 00000000edf31950
0x00007f780816d3e0:   00000000c3e9ae00 00007f78119993d4
0x00007f780816d3f0:   00000000edf31b80 0000000000000005
0x00007f780816d400:   00000000edf31a00 0000000000000000
0x00007f780816d410:   00007f782717bcd0 0000000000000000
0x00007f780816d420:   00007f780816d480 00007f782717b73e
0x00007f780816d430:   0000000000000000 00007f781138d1c4
0x00007f780816d440:   00000000c3e9ae00 00007f78112e5d3c
0x00007f780816d450:   0000000000000000 0000000000000000
0x00007f780816d460:   00007f78200572c0 00007f7824901d70
0x00007f780816d470:   00007f77b4001800 00007f780816d4f8
0x00007f780816d480:   0000000000000007 0000000000000000
0x00007f780816d490:   00000000edf31a00 00000000edf31b38 

Instructions: (pc=0x00007f7825b167d2)
0x00007f7825b167b2:   00 48 c7 40 28 00 00 00 00 41 80 7f 30 00 0f 84
0x00007f7825b167c2:   8a 02 00 00 4c 8b 63 08 4d 2b 67 28 4d 03 67 18
0x00007f7825b167d2:   41 0f b6 5c 24 1d 41 0f b6 44 24 1c c1 e3 08 09
0x00007f7825b167e2:   c3 41 0f b6 44 24 1e 88 45 bd 41 0f b6 54 24 20 

Register to memory mapping:

RAX=0x00007f77d048ae60 is an unknown value
RBX=0x00007f77d05e3df0 is an unknown value
RCX=0x00007f77d0000020 is an unknown value
RDX=0x00007f77d048ae60 is an unknown value
RSP=0x00007f780816d2a0 is pointing into the stack for thread: 0x00007f77b4001800
RBP=0x00007f780816d2f0 is pointing into the stack for thread: 0x00007f77b4001800
RSI=0x00007f77d0000038 is an unknown value
RDI=0x00007f77d0000020 is an unknown value
R8 =0x0000000000000003 is an unknown value
R9 =0x0000000000000005 is an unknown value
R10=0x00007f781114a558 is at entry_point+88 in (nmethod*)0x00007f781114a390
R11=0x00007f7827ff4a30: <offset 0x187a30> in /lib/x86_64-linux-gnu/libc.so.6 at 0x00007f7827e6d000
R12=0x00007f780806a019 is an unknown value
R13=0x00007f77d048ae60 is an unknown value
R14=0x000000004eecb6d3 is an unknown value
R15=0x00007f77d05e4190 is an unknown value


Stack: [0x00007f7808070000,0x00007f7808171000],  sp=0x00007f780816d2a0,  free space=1012k
Native frames: (J=compiled Java code, j=interpreted, Vv=VM code, C=native code)
C  [libzip.so+0x117d2]  newEntry+0x62
C  [libzip.so+0x11f2f]  ZIP_GetEntry2+0xff
C  [libzip.so+0x3d30]  Java_java_util_zip_ZipFile_getEntry+0xf0
J 121  java.util.zip.ZipFile.getEntry(J[BZ)J (0 bytes) @ 0x00007f781114a5ce [0x00007f781114a500+0xce]
J 450 C1 java.util.zip.ZipFile.getInputStream(Ljava/util/zip/ZipEntry;)Ljava/io/InputStream; (304 bytes) @ 0x00007f781124d384 [0x00007f781124d000+0x384]
j  org.apache.poi.openxml4j.util.ZipFileZipEntrySource.getInputStream(Ljava/util/zip/ZipEntry;)Ljava/io/InputStream;+22
j  org.apache.poi.openxml4j.opc.ZipPackagePart.getInputStreamImpl()Ljava/io/InputStream;+14
j  org.apache.poi.openxml4j.opc.PackagePart.getInputStream()Ljava/io/InputStream;+1
j  org.apache.poi.POIXMLProperties.<init>(Lorg/apache/poi/openxml4j/opc/OPCPackage;)V+70
j  org.apache.poi.POIXMLDocument.getProperties()Lorg/apache/poi/POIXMLProperties;+16
j  org.apache.poi.POIXMLDocument.write(Ljava/io/OutputStream;)V+20
j  com.staples.service.SKUBuildService.writeCTGI(Ljava/io/File;Lorg/springframework/web/multipart/MultipartFile;Ljava/lang/String;)V+298
j  com.staples.service.SKUBuildService.processFiles(Lorg/springframework/web/multipart/MultipartFile;Lorg/springframework/web/multipart/MultipartFile;Lorg/springframework/web/multipart/MultipartFile;)Ljava/lang/String;+408
j  com.staples.controller.ServiceController.uploadService(Lorg/springframework/web/multipart/MultipartFile;Lorg/springframework/web/multipart/MultipartFile;Lorg/springframework/web/multipart/MultipartFile;)Ljava/util/List;+28
v  ~StubRoutines::call_stub
V  [libjvm.so+0x681a26]  JavaCalls::call_helper(JavaValue*, methodHandle*, JavaCallArguments*, Thread*)+0x1056
V  [libjvm.so+0x984f17]  Reflection::invoke(instanceKlassHandle, methodHandle, Handle, bool, objArrayHandle, BasicType, objArrayHandle, bool, Thread*)+0x5d7
V  [libjvm.so+0x9885e7]  Reflection::invoke_method(oopDesc*, Handle, objArrayHandle, Thread*)+0x147
V  [libjvm.so+0x70f5ab]  JVM_InvokeMethod+0x26b
J 2411  sun.reflect.NativeMethodAccessorImpl.invoke0(Ljava/lang/reflect/Method;Ljava/lang/Object;[Ljava/lang/Object;)Ljava/lang/Object; (0 bytes) @ 0x00007f781189a8ed [0x00007f781189a800+0xed]
J 2410 C1 sun.reflect.NativeMethodAccessorImpl.invoke(Ljava/lang/Object;[Ljava/lang/Object;)Ljava/lang/Object; (104 bytes) @ 0x00007f78118a038c [0x00007f781189f200+0x118c]

Java frames: (J=compiled Java code, j=interpreted, Vv=VM code)
J 121  java.util.zip.ZipFile.getEntry(J[BZ)J (0 bytes) @ 0x00007f781114a558 [0x00007f781114a500+0x58]
J 450 C1 java.util.zip.ZipFile.getInputStream(Ljava/util/zip/ZipEntry;)Ljava/io/InputStream; (304 bytes) @ 0x00007f781124d384 [0x00007f781124d000+0x384]
j  org.apache.poi.openxml4j.util.ZipFileZipEntrySource.getInputStream(Ljava/util/zip/ZipEntry;)Ljava/io/InputStream;+22
j  org.apache.poi.openxml4j.opc.ZipPackagePart.getInputStreamImpl()Ljava/io/InputStream;+14
j  org.apache.poi.openxml4j.opc.PackagePart.getInputStream()Ljava/io/InputStream;+1
j  org.apache.poi.POIXMLProperties.<init>(Lorg/apache/poi/openxml4j/opc/OPCPackage;)V+70
j  org.apache.poi.POIXMLDocument.getProperties()Lorg/apache/poi/POIXMLProperties;+16
j  org.apache.poi.POIXMLDocument.write(Ljava/io/OutputStream;)V+20
j  com.staples.service.SKUBuildService.writeCTGI(Ljava/io/File;Lorg/springframework/web/multipart/MultipartFile;Ljava/lang/String;)V+298
j  com.staples.service.SKUBuildService.processFiles(Lorg/springframework/web/multipart/MultipartFile;Lorg/springframework/web/multipart/MultipartFile;Lorg/springframework/web/multipart/MultipartFile;)Ljava/lang/String;+408
j  com.staples.controller.ServiceController.uploadService(Lorg/springframework/web/multipart/MultipartFile;Lorg/springframework/web/multipart/MultipartFile;Lorg/springframework/web/multipart/MultipartFile;)Ljava/util/List;+28
v  ~StubRoutines::call_stub
J 2411  sun.reflect.NativeMethodAccessorImpl.invoke0(Ljava/lang/reflect/Method;Ljava/lang/Object;[Ljava/lang/Object;)Ljava/lang/Object; (0 bytes) @ 0x00007f781189a877 [0x00007f781189a800+0x77]
J 2410 C1 sun.reflect.NativeMethodAccessorImpl.invoke(Ljava/lang/Object;[Ljava/lang/Object;)Ljava/lang/Object; (104 bytes) @ 0x00007f78118a038c [0x00007f781189f200+0x118c]
J 3284 C2 java.lang.reflect.Method.invoke(Ljava/lang/Object;[Ljava/lang/Object;)Ljava/lang/Object; (62 bytes) @ 0x00007f7811331b20 [0x00007f7811331a80+0xa0]
j  org.springframework.web.method.support.InvocableHandlerMethod.doInvoke([Ljava/lang/Object;)Ljava/lang/Object;+16
j  org.springframework.web.method.support.InvocableHandlerMethod.invokeForRequest(Lorg/springframework/web/context/request/NativeWebRequest;Lorg/springframework/web/method/support/ModelAndViewContainer;[Ljava/lang/Object;)Ljava/lang/Object;+96
j  org.springframework.web.servlet.mvc.method.annotation.ServletInvocableHandlerMethod.invokeAndHandle(Lorg/springframework/web/context/request/ServletWebRequest;Lorg/springframework/web/method/support/ModelAndViewContainer;[Ljava/lang/Object;)V+4
j  org.springframework.web.servlet.mvc.method.annotation.RequestMappingHandlerAdapter.invokeHandleMethod(Ljavax/servlet/http/HttpServletRequest;Ljavax/servlet/http/HttpServletResponse;Lorg/springframework/web/method/HandlerMethod;)Lorg/springframework/web/servlet/ModelAndView;+230
j  org.springframework.web.servlet.mvc.method.annotation.RequestMappingHandlerAdapter.handleInternal(Ljavax/servlet/http/HttpServletRequest;Ljavax/servlet/http/HttpServletResponse;Lorg/springframework/web/method/HandlerMethod;)Lorg/springframework/web/servlet/ModelAndView;+89
j  org.springframework.web.servlet.mvc.method.AbstractHandlerMethodAdapter.handle(Ljavax/servlet/http/HttpServletRequest;Ljavax/servlet/http/HttpServletResponse;Ljava/lang/Object;)Lorg/springframework/web/servlet/ModelAndView;+7
j  org.springframework.web.servlet.DispatcherServlet.doDispatch(Ljavax/servlet/http/HttpServletRequest;Ljavax/servlet/http/HttpServletResponse;)V+318
j  org.springframework.web.servlet.DispatcherServlet.doService(Ljavax/servlet/http/HttpServletRequest;Ljavax/servlet/http/HttpServletResponse;)V+301
j  org.springframework.web.servlet.FrameworkServlet.processRequest(Ljavax/servlet/http/HttpServletRequest;Ljavax/servlet/http/HttpServletResponse;)V+71
j  org.springframework.web.servlet.FrameworkServlet.doPost(Ljavax/servlet/http/HttpServletRequest;Ljavax/servlet/http/HttpServletResponse;)V+3
j  javax.servlet.http.HttpServlet.service(Ljavax/servlet/http/HttpServletRequest;Ljavax/servlet/http/HttpServletResponse;)V+149
j  org.springframework.web.servlet.FrameworkServlet.service(Ljavax/servlet/http/HttpServletRequest;Ljavax/servlet/http/HttpServletResponse;)V+32
j  javax.servlet.http.HttpServlet.service(Ljavax/servlet/ServletRequest;Ljavax/servlet/ServletResponse;)V+30
j  org.apache.catalina.core.ApplicationFilterChain.internalDoFilter(Ljavax/servlet/ServletRequest;Ljavax/servlet/ServletResponse;)V+396
j  org.apache.catalina.core.ApplicationFilterChain.doFilter(Ljavax/servlet/ServletRequest;Ljavax/servlet/ServletResponse;)V+101
j  org.apache.tomcat.websocket.server.WsFilter.doFilter(Ljavax/servlet/ServletRequest;Ljavax/servlet/ServletResponse;Ljavax/servlet/FilterChain;)V+21
j  org.apache.catalina.core.ApplicationFilterChain.internalDoFilter(Ljavax/servlet/ServletRequest;Ljavax/servlet/ServletResponse;)V+151
j  org.apache.catalina.core.ApplicationFilterChain.doFilter(Ljavax/servlet/ServletRequest;Ljavax/servlet/ServletResponse;)V+101
j  org.springframework.web.filter.CharacterEncodingFilter.doFilterInternal(Ljavax/servlet/http/HttpServletRequest;Ljavax/servlet/http/HttpServletResponse;Ljavax/servlet/FilterChain;)V+53
j  org.springframework.web.filter.OncePerRequestFilter.doFilter(Ljavax/servlet/ServletRequest;Ljavax/servlet/ServletResponse;Ljavax/servlet/FilterChain;)V+111
j  org.apache.catalina.core.ApplicationFilterChain.internalDoFilter(Ljavax/servlet/ServletRequest;Ljavax/servlet/ServletResponse;)V+151
j  org.apache.catalina.core.ApplicationFilterChain.doFilter(Ljavax/servlet/ServletRequest;Ljavax/servlet/ServletResponse;)V+101
j  org.apache.catalina.core.StandardWrapperValve.invoke(Lorg/apache/catalina/connector/Request;Lorg/apache/catalina/connector/Response;)V+781
j  org.apache.catalina.core.StandardContextValve.invoke(Lorg/apache/catalina/connector/Request;Lorg/apache/catalina/connector/Response;)V+166
j  org.apache.catalina.authenticator.AuthenticatorBase.invoke(Lorg/apache/catalina/connector/Request;Lorg/apache/catalina/connector/Response;)V+417
j  org.apache.catalina.core.StandardHostValve.invoke(Lorg/apache/catalina/connector/Request;Lorg/apache/catalina/connector/Response;)V+135
j  org.apache.catalina.valves.ErrorReportValve.invoke(Lorg/apache/catalina/connector/Request;Lorg/apache/catalina/connector/Response;)V+6
j  org.apache.catalina.core.StandardEngineValve.invoke(Lorg/apache/catalina/connector/Request;Lorg/apache/catalina/connector/Response;)V+71
j  org.apache.catalina.connector.CoyoteAdapter.service(Lorg/apache/coyote/Request;Lorg/apache/coyote/Response;)V+199
j  org.apache.coyote.http11.AbstractHttp11Processor.process(Lorg/apache/tomcat/util/net/SocketWrapper;)Lorg/apache/tomcat/util/net/AbstractEndpoint$Handler$SocketState;+624
j  org.apache.coyote.AbstractProtocol$AbstractConnectionHandler.process(Lorg/apache/tomcat/util/net/SocketWrapper;Lorg/apache/tomcat/util/net/SocketStatus;)Lorg/apache/tomcat/util/net/AbstractEndpoint$Handler$SocketState;+338
j  org.apache.tomcat.util.net.NioEndpoint$SocketProcessor.doRun(Ljava/nio/channels/SelectionKey;Lorg/apache/tomcat/util/net/NioEndpoint$KeyAttachment;)V+148
j  org.apache.tomcat.util.net.NioEndpoint$SocketProcessor.run()V+90
j  java.util.concurrent.ThreadPoolExecutor.runWorker(Ljava/util/concurrent/ThreadPoolExecutor$Worker;)V+95
j  java.util.concurrent.ThreadPoolExecutor$Worker.run()V+5
j  org.apache.tomcat.util.threads.TaskThread$WrappingRunnable.run()V+4
j  java.lang.Thread.run()V+11
v  ~StubRoutines::call_stub

---------------  P R O C E S S  ---------------

Java Threads: ( => current thread )
=>0x00007f77b4001800 JavaThread "http-nio-8080-exec-1" daemon [_thread_in_native, id=8532, stack(0x00007f7808070000,0x00007f7808171000)]
  0x00007f782000d000 JavaThread "DestroyJavaVM" [_thread_blocked, id=8498, stack(0x00007f782896e000,0x00007f7828a6f000)]
  0x00007f782054a000 JavaThread "http-nio-8080-Acceptor-0" daemon [_thread_in_native, id=8525, stack(0x00007f7802ffa000,0x00007f78030fb000)]
  0x00007f7820547800 JavaThread "http-nio-8080-ClientPoller-1" daemon [_thread_in_native, id=8524, stack(0x00007f78030fb000,0x00007f78031fc000)]
  0x00007f7820539000 JavaThread "http-nio-8080-ClientPoller-0" daemon [_thread_in_native, id=8523, stack(0x00007f78031fc000,0x00007f78032fd000)]
  0x00007f7820529000 JavaThread "NioBlockingSelector.BlockPoller-1" daemon [_thread_in_native, id=8522, stack(0x00007f78032fd000,0x00007f78033fe000)]
  0x00007f7820d01000 JavaThread "container-0" [_thread_blocked, id=8521, stack(0x00007f78039fe000,0x00007f7803aff000)]
  0x00007f77d0036000 JavaThread "ContainerBackgroundProcessor[StandardEngine[Tomcat].StandardHost[localhost].StandardContext[/SKUBuild]]" daemon [_thread_blocked, id=8520, stack(0x00007f7803aff000,0x00007f7803c00000)]
  0x00007f78200c5800 JavaThread "Service Thread" daemon [_thread_blocked, id=8511, stack(0x00007f7809609000,0x00007f780970a000)]
  0x00007f78200c0000 JavaThread "C1 CompilerThread2" daemon [_thread_blocked, id=8510, stack(0x00007f780970a000,0x00007f780980b000)]
  0x00007f78200be800 JavaThread "C2 CompilerThread1" daemon [_thread_in_native, id=8509, stack(0x00007f780980b000,0x00007f780990c000)]
  0x00007f78200bb800 JavaThread "C2 CompilerThread0" daemon [_thread_in_native, id=8508, stack(0x00007f780990c000,0x00007f7809a0d000)]
  0x00007f78200ba000 JavaThread "Signal Dispatcher" daemon [_thread_blocked, id=8507, stack(0x00007f7809a0d000,0x00007f7809b0e000)]
  0x00007f7820082000 JavaThread "Finalizer" daemon [_thread_blocked, id=8506, stack(0x00007f78100f1000,0x00007f78101f2000)]
  0x00007f7820080000 JavaThread "Reference Handler" daemon [_thread_blocked, id=8505, stack(0x00007f78101f2000,0x00007f78102f3000)]

Other Threads:
  0x00007f782007b000 VMThread [stack: 0x00007f78102f3000,0x00007f78103f4000] [id=8504]
  0x00007f78200c7800 WatcherThread [stack: 0x00007f7809508000,0x00007f7809609000] [id=8512]

VM state:not at safepoint (normal execution)

VM Mutex/Monitor currently owned by a thread: None

Heap:
 PSYoungGen      total 187392K, used 112214K [0x00000000ebf80000, 0x0000000100000000, 0x0000000100000000)
  eden space 115200K, 34% used [0x00000000ebf80000,0x00000000ee698698,0x00000000f3000000)
  from space 72192K, 99% used [0x00000000fb980000,0x00000000ffffd240,0x0000000100000000)
  to   space 106496K, 0% used [0x00000000f3000000,0x00000000f3000000,0x00000000f9800000)
 ParOldGen       total 348672K, used 279592K [0x00000000c3e00000, 0x00000000d9280000, 0x00000000ebf80000)
  object space 348672K, 80% used [0x00000000c3e00000,0x00000000d4f0a1b0,0x00000000d9280000)
 Metaspace       used 38702K, capacity 39020K, committed 39424K, reserved 1083392K
  class space    used 4619K, capacity 4738K, committed 4864K, reserved 1048576K

Card table byte_map: [0x00007f7825563000,0x00007f7825745000] byte_map_base: 0x00007f7824f44000

Marking Bits: (ParMarkBitMap*) 0x00007f7827e42760
 Begin Bits: [0x00007f780a1f0000, 0x00007f780b0f8000)
 End Bits:   [0x00007f780b0f8000, 0x00007f780c000000)

Polling page: 0x00007f7828a89000

CodeCache: size=245760Kb used=17572Kb max_used=17585Kb free=228187Kb
 bounds [0x00007f7811000000, 0x00007f7812150000, 0x00007f7820000000]
 total_blobs=5088 nmethods=4611 adapters=389
 compilation: enabled

Compilation events (10 events):
Event: 26.995 Thread 0x00007f78200c0000 5311       3       org.apache.xmlbeans.impl.store.Saver$DocSaveCur::getChars (33 bytes)
Event: 26.995 Thread 0x00007f78200c0000 nmethod 5311 0x00007f7811442cd0 code [0x00007f7811442e40, 0x00007f7811443168]
Event: 27.020 Thread 0x00007f78200bb800 nmethod 5306 0x00007f7812148490 code [0x00007f7812148820, 0x00007f781214a008]
Event: 27.020 Thread 0x00007f78200bb800 5312       4       org.apache.xmlbeans.impl.store.Saver::process (222 bytes)
Event: 27.020 Thread 0x00007f78200c0000 5316       3       java.io.OutputStreamWriter::flush (8 bytes)
Event: 27.021 Thread 0x00007f78200c0000 nmethod 5316 0x00007f7812139650 code [0x00007f7812139820, 0x00007f7812139fa8]
Event: 27.044 Thread 0x00007f78200bb800 nmethod 5312 0x00007f781214c610 code [0x00007f781214c960, 0x00007f781214dbe8]
Event: 27.044 Thread 0x00007f78200bb800 5317   !   4       org.apache.xmlbeans.impl.store.Saver$TextSaver::write (115 bytes)
Event: 27.049 Thread 0x00007f78200bb800 nmethod 5317 0x00007f7812131850 code [0x00007f78121319e0, 0x00007f7812131fc8]
Event: 27.049 Thread 0x00007f78200bb800 5308       4       org.apache.xmlbeans.impl.store.Saver$TextSaver::emitElement (130 bytes)

GC Heap History (10 events):
Event: 24.738 GC heap before
{Heap before GC invocations=19 (full 4):
 PSYoungGen      total 224768K, used 223690K [0x00000000ebf80000, 0x0000000100000000, 0x0000000100000000)
  eden space 202240K, 100% used [0x00000000ebf80000,0x00000000f8500000,0x00000000f8500000)
  from space 22528K, 95% used [0x00000000fe800000,0x00000000ffcf2b78,0x00000000ffe00000)
  to   space 62976K, 0% used [0x00000000f8500000,0x00000000f8500000,0x00000000fc280000)
 ParOldGen       total 256512K, used 149535K [0x00000000c3e00000, 0x00000000d3880000, 0x00000000ebf80000)
  object space 256512K, 58% used [0x00000000c3e00000,0x00000000cd007de0,0x00000000d3880000)
 Metaspace       used 38598K, capacity 38944K, committed 39040K, reserved 1083392K
  class space    used 4615K, capacity 4736K, committed 4736K, reserved 1048576K
Event: 24.825 GC heap after
Heap after GC invocations=19 (full 4):
 PSYoungGen      total 248832K, used 46189K [0x00000000ebf80000, 0x0000000100000000, 0x0000000100000000)
  eden space 202240K, 0% used [0x00000000ebf80000,0x00000000ebf80000,0x00000000f8500000)
  from space 46592K, 99% used [0x00000000f8500000,0x00000000fb21b558,0x00000000fb280000)
  to   space 68608K, 0% used [0x00000000fbd00000,0x00000000fbd00000,0x0000000100000000)
 ParOldGen       total 256512K, used 171125K [0x00000000c3e00000, 0x00000000d3880000, 0x00000000ebf80000)
  object space 256512K, 66% used [0x00000000c3e00000,0x00000000ce51d6b0,0x00000000d3880000)
 Metaspace       used 38598K, capacity 38944K, committed 39040K, reserved 1083392K
  class space    used 4615K, capacity 4736K, committed 4736K, reserved 1048576K
}
Event: 24.935 GC heap before
{Heap before GC invocations=20 (full 4):
 PSYoungGen      total 248832K, used 248429K [0x00000000ebf80000, 0x0000000100000000, 0x0000000100000000)
  eden space 202240K, 100% used [0x00000000ebf80000,0x00000000f8500000,0x00000000f8500000)
  from space 46592K, 99% used [0x00000000f8500000,0x00000000fb21b558,0x00000000fb280000)
  to   space 68608K, 0% used [0x00000000fbd00000,0x00000000fbd00000,0x0000000100000000)
 ParOldGen       total 256512K, used 171125K [0x00000000c3e00000, 0x00000000d3880000, 0x00000000ebf80000)
  object space 256512K, 66% used [0x00000000c3e00000,0x00000000ce51d6b0,0x00000000d3880000)
 Metaspace       used 38603K, capacity 38944K, committed 39040K, reserved 1083392K
  class space    used 4615K, capacity 4736K, committed 4736K, reserved 1048576K
Event: 25.005 GC heap after
Heap after GC invocations=20 (full 4):
 PSYoungGen      total 249344K, used 48451K [0x00000000ebf80000, 0x0000000100000000, 0x0000000100000000)
  eden space 180736K, 0% used [0x00000000ebf80000,0x00000000ebf80000,0x00000000f7000000)
  from space 68608K, 70% used [0x00000000fbd00000,0x00000000fec50cd8,0x0000000100000000)
  to   space 73728K, 0% used [0x00000000f7000000,0x00000000f7000000,0x00000000fb800000)
 ParOldGen       total 256512K, used 171125K [0x00000000c3e00000, 0x00000000d3880000, 0x00000000ebf80000)
  object space 256512K, 66% used [0x00000000c3e00000,0x00000000ce51d6b0,0x00000000d3880000)
 Metaspace       used 38603K, capacity 38944K, committed 39040K, reserved 1083392K
  class space    used 4615K, capacity 4736K, committed 4736K, reserved 1048576K
}
Event: 25.138 GC heap before
{Heap before GC invocations=21 (full 4):
 PSYoungGen      total 249344K, used 229187K [0x00000000ebf80000, 0x0000000100000000, 0x0000000100000000)
  eden space 180736K, 100% used [0x00000000ebf80000,0x00000000f7000000,0x00000000f7000000)
  from space 68608K, 70% used [0x00000000fbd00000,0x00000000fec50cd8,0x0000000100000000)
  to   space 73728K, 0% used [0x00000000f7000000,0x00000000f7000000,0x00000000fb800000)
 ParOldGen       total 256512K, used 171125K [0x00000000c3e00000, 0x00000000d3880000, 0x00000000ebf80000)
  object space 256512K, 66% used [0x00000000c3e00000,0x00000000ce51d6b0,0x00000000d3880000)
 Metaspace       used 38655K, capacity 39008K, committed 39296K, reserved 1083392K
  class space    used 4615K, capacity 4736K, committed 4736K, reserved 1048576K
Event: 25.206 GC heap after
Heap after GC invocations=21 (full 4):
 PSYoungGen      total 254464K, used 5882K [0x00000000ebf80000, 0x0000000100000000, 0x0000000100000000)
  eden space 180736K, 0% used [0x00000000ebf80000,0x00000000ebf80000,0x00000000f7000000)
  from space 73728K, 7% used [0x00000000f7000000,0x00000000f75be808,0x00000000fb800000)
  to   space 72192K, 0% used [0x00000000fb980000,0x00000000fb980000,0x0000000100000000)
 ParOldGen       total 256512K, used 216618K [0x00000000c3e00000, 0x00000000d3880000, 0x00000000ebf80000)
  object space 256512K, 84% used [0x00000000c3e00000,0x00000000d118a870,0x00000000d3880000)
 Metaspace       used 38655K, capacity 39008K, committed 39296K, reserved 1083392K
  class space    used 4615K, capacity 4736K, committed 4736K, reserved 1048576K
}
Event: 25.206 GC heap before
{Heap before GC invocations=22 (full 5):
 PSYoungGen      total 254464K, used 5882K [0x00000000ebf80000, 0x0000000100000000, 0x0000000100000000)
  eden space 180736K, 0% used [0x00000000ebf80000,0x00000000ebf80000,0x00000000f7000000)
  from space 73728K, 7% used [0x00000000f7000000,0x00000000f75be808,0x00000000fb800000)
  to   space 72192K, 0% used [0x00000000fb980000,0x00000000fb980000,0x0000000100000000)
 ParOldGen       total 256512K, used 216618K [0x00000000c3e00000, 0x00000000d3880000, 0x00000000ebf80000)
  object space 256512K, 84% used [0x00000000c3e00000,0x00000000d118a870,0x00000000d3880000)
 Metaspace       used 38655K, capacity 39008K, committed 39296K, reserved 1083392K
  class space    used 4615K, capacity 4736K, committed 4736K, reserved 1048576K
Event: 26.038 GC heap after
Heap after GC invocations=22 (full 5):
 PSYoungGen      total 254464K, used 0K [0x00000000ebf80000, 0x0000000100000000, 0x0000000100000000)
  eden space 180736K, 0% used [0x00000000ebf80000,0x00000000ebf80000,0x00000000f7000000)
  from space 73728K, 0% used [0x00000000f7000000,0x00000000f7000000,0x00000000fb800000)
  to   space 72192K, 0% used [0x00000000fb980000,0x00000000fb980000,0x0000000100000000)
 ParOldGen       total 348672K, used 221941K [0x00000000c3e00000, 0x00000000d9280000, 0x00000000ebf80000)
  object space 348672K, 63% used [0x00000000c3e00000,0x00000000d16bd7f0,0x00000000d9280000)
 Metaspace       used 38655K, capacity 39008K, committed 39296K, reserved 1083392K
  class space    used 4615K, capacity 4736K, committed 4736K, reserved 1048576K
}
Event: 26.594 GC heap before
{Heap before GC invocations=23 (full 5):
 PSYoungGen      total 254464K, used 180736K [0x00000000ebf80000, 0x0000000100000000, 0x0000000100000000)
  eden space 180736K, 100% used [0x00000000ebf80000,0x00000000f7000000,0x00000000f7000000)
  from space 73728K, 0% used [0x00000000f7000000,0x00000000f7000000,0x00000000fb800000)
  to   space 72192K, 0% used [0x00000000fb980000,0x00000000fb980000,0x0000000100000000)
 ParOldGen       total 348672K, used 221941K [0x00000000c3e00000, 0x00000000d9280000, 0x00000000ebf80000)
  object space 348672K, 63% used [0x00000000c3e00000,0x00000000d16bd7f0,0x00000000d9280000)
 Metaspace       used 38702K, capacity 39020K, committed 39424K, reserved 1083392K
  class space    used 4619K, capacity 4738K, committed 4864K, reserved 1048576K
Event: 26.693 GC heap after
Heap after GC invocations=23 (full 5):
 PSYoungGen      total 187392K, used 72180K [0x00000000ebf80000, 0x0000000100000000, 0x0000000100000000)
  eden space 115200K, 0% used [0x00000000ebf80000,0x00000000ebf80000,0x00000000f3000000)
  from space 72192K, 99% used [0x00000000fb980000,0x00000000ffffd240,0x0000000100000000)
  to   space 106496K, 0% used [0x00000000f3000000,0x00000000f3000000,0x00000000f9800000)
 ParOldGen       total 348672K, used 279592K [0x00000000c3e00000, 0x00000000d9280000, 0x00000000ebf80000)
  object space 348672K, 80% used [0x00000000c3e00000,0x00000000d4f0a1b0,0x00000000d9280000)
 Metaspace       used 38702K, capacity 39020K, committed 39424K, reserved 1083392K
  class space    used 4619K, capacity 4738K, committed 4864K, reserved 1048576K
}

Deoptimization events (10 events):
Event: 26.863 Thread 0x00007f77b4001800 Uncommon trap: reason=unstable_if action=reinterpret pc=0x00007f7812089a44 method=org.apache.xmlbeans.impl.store.Cur.isUserNode()Z @ 28
Event: 26.864 Thread 0x00007f77b4001800 Uncommon trap: reason=class_check action=maybe_recompile pc=0x00007f78120ffa74 method=org.apache.xmlbeans.impl.values.XmlObjectBase.create_attribute_user(Ljavax/xml/namespace/QName;)Lorg/apache/xmlbeans/impl/values/TypeStoreUser; @ 12
Event: 26.865 Thread 0x00007f77b4001800 Uncommon trap: reason=class_check action=maybe_recompile pc=0x00007f78120ffa74 method=org.apache.xmlbeans.impl.values.XmlObjectBase.create_attribute_user(Ljavax/xml/namespace/QName;)Lorg/apache/xmlbeans/impl/values/TypeStoreUser; @ 12
Event: 26.885 Thread 0x00007f77b4001800 Uncommon trap: reason=speculate_class_check action=maybe_recompile pc=0x00007f781208f9c8 method=org.apache.xmlbeans.impl.store.Saver$SaveCur.isNormalAttr()Z @ 1
Event: 26.885 Thread 0x00007f77b4001800 Uncommon trap: reason=speculate_class_check action=maybe_recompile pc=0x00007f781208f9c8 method=org.apache.xmlbeans.impl.store.Saver$SaveCur.isNormalAttr()Z @ 1
Event: 26.885 Thread 0x00007f77b4001800 Uncommon trap: reason=speculate_class_check action=maybe_recompile pc=0x00007f781208f9c8 method=org.apache.xmlbeans.impl.store.Saver$SaveCur.isNormalAttr()Z @ 1
Event: 26.885 Thread 0x00007f77b4001800 Uncommon trap: reason=speculate_class_check action=maybe_recompile pc=0x00007f781208f9c8 method=org.apache.xmlbeans.impl.store.Saver$SaveCur.isNormalAttr()Z @ 1
Event: 26.991 Thread 0x00007f77b4001800 Uncommon trap: reason=speculate_class_check action=maybe_recompile pc=0x00007f7811fd29d0 method=org.apache.xmlbeans.impl.store.Saver$SaveCur.isText()Z @ 1
Event: 27.021 Thread 0x00007f77b4001800 Uncommon trap: reason=speculate_class_check action=maybe_recompile pc=0x00007f781214951c method=org.apache.xmlbeans.impl.store.Saver$TextSaver.emit(Lorg/apache/xmlbeans/impl/store/Saver$SaveCur;)V @ 8
Event: 27.021 Thread 0x00007f77b4001800 Uncommon trap: reason=speculate_class_check action=maybe_recompile pc=0x00007f781214951c method=org.apache.xmlbeans.impl.store.Saver$TextSaver.emit(Lorg/apache/xmlbeans/impl/store/Saver$SaveCur;)V @ 8

Internal exceptions (10 events):
Event: 20.666 Thread 0x00007f77b4001800 Exception <a 'java/security/PrivilegedActionException'> (0x00000000ec2bf560) thrown at [/RE-WORK/workspace/8-2-build-linux-amd64/jdk8u45/3457/hotspot/src/share/vm/prims/jvm.cpp, line 1382]
Event: 20.666 Thread 0x00007f77b4001800 Exception <a 'java/security/PrivilegedActionException'> (0x00000000ec2bfa38) thrown at [/RE-WORK/workspace/8-2-build-linux-amd64/jdk8u45/3457/hotspot/src/share/vm/prims/jvm.cpp, line 1382]
Event: 22.017 Thread 0x00007f77b4001800 Implicit null exception at 0x00007f7811d47cb0 to 0x00007f7811d48ae5
Event: 22.643 Thread 0x00007f77b4001800 Implicit null exception at 0x00007f7811ceeeab to 0x00007f7811cef74d
Event: 22.647 Thread 0x00007f77b4001800 Implicit null exception at 0x00007f7811cc5ece to 0x00007f7811cc6275
Event: 22.653 Thread 0x00007f77b4001800 Implicit null exception at 0x00007f7811dbd413 to 0x00007f7811dbd671
Event: 24.392 Thread 0x00007f77b4001800 Implicit null exception at 0x00007f7811ebcc9d to 0x00007f7811ebd03d
Event: 26.376 Thread 0x00007f77b4001800 Implicit null exception at 0x00007f7811eaff5c to 0x00007f7811eb04f1
Event: 26.383 Thread 0x00007f77b4001800 Implicit null exception at 0x00007f7812035ba9 to 0x00007f7812035f85
Event: 26.384 Thread 0x00007f77b4001800 Implicit null exception at 0x00007f7811eb7580 to 0x00007f7811eb88f9

Events (10 events):
Event: 26.885 Thread 0x00007f77b4001800 DEOPT UNPACKING pc=0x00007f7811005229 sp=0x00007f780816d4b8 mode 2
Event: 26.991 Thread 0x00007f77b4001800 Uncommon trap: trap_request=0xffffff76 fr.pc=0x00007f7811fd29d0
Event: 26.991 Thread 0x00007f77b4001800 DEOPT PACKING pc=0x00007f7811fd29d0 sp=0x00007f780816d570
Event: 26.991 Thread 0x00007f77b4001800 DEOPT UNPACKING pc=0x00007f7811005229 sp=0x00007f780816d3d8 mode 2
Event: 27.021 Thread 0x00007f77b4001800 Uncommon trap: trap_request=0xffffff76 fr.pc=0x00007f781214951c
Event: 27.021 Thread 0x00007f77b4001800 DEOPT PACKING pc=0x00007f781214951c sp=0x00007f780816d570
Event: 27.021 Thread 0x00007f77b4001800 DEOPT UNPACKING pc=0x00007f7811005229 sp=0x00007f780816d430 mode 2
Event: 27.021 Thread 0x00007f77b4001800 Uncommon trap: trap_request=0xffffff76 fr.pc=0x00007f781214951c
Event: 27.021 Thread 0x00007f77b4001800 DEOPT PACKING pc=0x00007f781214951c sp=0x00007f780816d570
Event: 27.021 Thread 0x00007f77b4001800 DEOPT UNPACKING pc=0x00007f7811005229 sp=0x00007f780816d430 mode 2


Dynamic libraries:
00400000-00401000 r-xp 00000000 08:01 25169587                           /usr/lib/jvm/java-8-oracle/bin/java
00600000-00601000 rw-p 00000000 08:01 25169587                           /usr/lib/jvm/java-8-oracle/bin/java
01c62000-01c83000 rw-p 00000000 00:00 0                                  [heap]
c3e00000-d9280000 rw-p 00000000 00:00 0 
d9280000-ebf80000 ---p 00000000 00:00 0 
ebf80000-100000000 rw-p 00000000 00:00 0 
100000000-1004c0000 rw-p 00000000 00:00 0 
1004c0000-140000000 ---p 00000000 00:00 0 
7f77b4000000-7f77b4021000 rw-p 00000000 00:00 0 
7f77b4021000-7f77b8000000 ---p 00000000 00:00 0 
7f77b8000000-7f77b8021000 rw-p 00000000 00:00 0 
7f77b8021000-7f77bc000000 ---p 00000000 00:00 0 
7f77bc000000-7f77bc021000 rw-p 00000000 00:00 0 
7f77bc021000-7f77c0000000 ---p 00000000 00:00 0 
7f77c0000000-7f77c0021000 rw-p 00000000 00:00 0 
7f77c0021000-7f77c4000000 ---p 00000000 00:00 0 
7f77c4000000-7f77c4021000 rw-p 00000000 00:00 0 
7f77c4021000-7f77c8000000 ---p 00000000 00:00 0 
7f77c8000000-7f77c8021000 rw-p 00000000 00:00 0 
7f77c8021000-7f77cc000000 ---p 00000000 00:00 0 
7f77cc000000-7f77cc021000 rw-p 00000000 00:00 0 
7f77cc021000-7f77d0000000 ---p 00000000 00:00 0 
7f77d0000000-7f77d08be000 rw-p 00000000 00:00 0 
7f77d08be000-7f77d4000000 ---p 00000000 00:00 0 
7f77d4000000-7f77d4021000 rw-p 00000000 00:00 0 
7f77d4021000-7f77d8000000 ---p 00000000 00:00 0 
7f77d8000000-7f77d8021000 rw-p 00000000 00:00 0 
7f77d8021000-7f77dc000000 ---p 00000000 00:00 0 
7f77dc000000-7f77dd4f8000 rw-p 00000000 00:00 0 
7f77dd4f8000-7f77e0000000 ---p 00000000 00:00 0 
7f77e0000000-7f77e0f48000 rw-p 00000000 00:00 0 
7f77e0f48000-7f77e4000000 ---p 00000000 00:00 0 
7f77e4000000-7f77e4021000 rw-p 00000000 00:00 0 
7f77e4021000-7f77e8000000 ---p 00000000 00:00 0 
7f77e8000000-7f77e97da000 rw-p 00000000 00:00 0 
7f77e97da000-7f77ec000000 ---p 00000000 00:00 0 
7f77ec000000-7f77ec021000 rw-p 00000000 00:00 0 
7f77ec021000-7f77f0000000 ---p 00000000 00:00 0 
7f77f0000000-7f77f0021000 rw-p 00000000 00:00 0 
7f77f0021000-7f77f4000000 ---p 00000000 00:00 0 
7f77f4000000-7f77f4021000 rw-p 00000000 00:00 0 
7f77f4021000-7f77f8000000 ---p 00000000 00:00 0 
7f77f8000000-7f77f805c000 rw-p 00000000 00:00 0 
7f77f805c000-7f77fc000000 ---p 00000000 00:00 0 
7f77fc000000-7f77fc021000 rw-p 00000000 00:00 0 
7f77fc021000-7f7800000000 ---p 00000000 00:00 0 
7f78029fa000-7f7802bba000 rw-p 00000000 00:00 0 
7f7802bba000-7f7802bfa000 ---p 00000000 00:00 0 
7f7802bfa000-7f7802dfa000 rw-p 00000000 00:00 0 
7f7802dfa000-7f7802ffa000 rw-p 00000000 00:00 0 
7f7802ffa000-7f7802ffd000 ---p 00000000 00:00 0 
7f7802ffd000-7f78030fb000 rw-p 00000000 00:00 0                          [stack:8525]
7f78030fb000-7f78030fe000 ---p 00000000 00:00 0 
7f78030fe000-7f78031fc000 rw-p 00000000 00:00 0                          [stack:8524]
7f78031fc000-7f78031ff000 ---p 00000000 00:00 0 
7f78031ff000-7f78032fd000 rw-p 00000000 00:00 0                          [stack:8523]
7f78032fd000-7f7803300000 ---p 00000000 00:00 0 
7f7803300000-7f78035fe000 rw-p 00000000 00:00 0                          [stack:8522]
7f78035fe000-7f78037fe000 rw-p 00000000 00:00 0 
7f78037fe000-7f78039fe000 rw-p 00000000 00:00 0 
7f78039fe000-7f7803a01000 ---p 00000000 00:00 0 
7f7803a01000-7f7803aff000 rw-p 00000000 00:00 0                          [stack:8521]
7f7803aff000-7f7803b02000 ---p 00000000 00:00 0 
7f7803b02000-7f7803e00000 rw-p 00000000 00:00 0                          [stack:8520]
7f7803e00000-7f7804000000 rw-p 00000000 00:00 0 
7f7804000000-7f7804021000 rw-p 00000000 00:00 0 
7f7804021000-7f7808000000 ---p 00000000 00:00 0 
7f7808067000-7f7808069000 rw-p 00000000 00:00 0 
7f7808069000-7f780806b000 r--s 000d7000 08:01 22417025                   /home/abhishek/Documents/Output/167289_Notions_07302015.xlsx
7f780806b000-7f7808070000 r--s 002f8000 08:01 25692709                   /usr/lib/jvm/java-8-oracle/jre/lib/charsets.jar
7f7808070000-7f7808073000 ---p 00000000 00:00 0 
7f7808073000-7f7808171000 rw-p 00000000 00:00 0                          [stack:8532]
7f7808171000-7f7808174000 ---p 00000000 00:00 0 
7f7808174000-7f7808272000 rw-p 00000000 00:00 0 
7f7808272000-7f7808283000 r-xp 00000000 08:01 25826528                   /usr/lib/jvm/java-8-oracle/jre/lib/amd64/libnio.so
7f7808283000-7f7808482000 ---p 00011000 08:01 25826528                   /usr/lib/jvm/java-8-oracle/jre/lib/amd64/libnio.so
7f7808482000-7f7808483000 rw-p 00010000 08:01 25826528                   /usr/lib/jvm/java-8-oracle/jre/lib/amd64/libnio.so
7f7808483000-7f7808683000 rw-p 00000000 00:00 0 
7f7808683000-7f7808696000 r--s 00344000 08:01 25692706                   /usr/lib/jvm/java-8-oracle/jre/lib/resources.jar
7f7808696000-7f7808896000 rw-p 00000000 00:00 0 
7f7808896000-7f780889b000 r--s 00094000 08:01 25692705                   /usr/lib/jvm/java-8-oracle/jre/lib/jsse.jar
7f780889b000-7f7808a9b000 rw-p 00000000 00:00 0 
7f7808a9b000-7f7808c9b000 rw-p 00000000 00:00 0 
7f7808c9b000-7f7808e9b000 rw-p 00000000 00:00 0 
7f7808e9b000-7f7808eb1000 r-xp 00000000 08:01 25826512                   /usr/lib/jvm/java-8-oracle/jre/lib/amd64/libnet.so
7f7808eb1000-7f78090b1000 ---p 00016000 08:01 25826512                   /usr/lib/jvm/java-8-oracle/jre/lib/amd64/libnet.so
7f78090b1000-7f78090b2000 rw-p 00016000 08:01 25826512                   /usr/lib/jvm/java-8-oracle/jre/lib/amd64/libnet.so
7f78090b2000-7f78090ba000 r-xp 00000000 08:01 25826543                   /usr/lib/jvm/java-8-oracle/jre/lib/amd64/libmanagement.so
7f78090ba000-7f78092ba000 ---p 00008000 08:01 25826543                   /usr/lib/jvm/java-8-oracle/jre/lib/amd64/libmanagement.so
7f78092ba000-7f78092bb000 rw-p 00008000 08:01 25826543                   /usr/lib/jvm/java-8-oracle/jre/lib/amd64/libmanagement.so
7f78092bb000-7f78092d7000 r--s 00393000 08:01 25826585                   /usr/lib/jvm/java-8-oracle/jre/lib/ext/cldrdata.jar
7f78092d7000-7f78092e2000 r--s 00116000 08:01 25826579                   /usr/lib/jvm/java-8-oracle/jre/lib/ext/localedata.jar
7f78092e2000-7f78092e7000 r--s 00016000 08:01 22675917                   /home/abhishek/.m2/repository/xml-apis/xml-apis/1.0.b2/xml-apis-1.0.b2.jar
7f78092e7000-7f78092ec000 r--s 00048000 08:01 22675914                   /home/abhishek/.m2/repository/dom4j/dom4j/1.6.1/dom4j-1.6.1.jar
7f78092ec000-7f78092ee000 r--s 00005000 08:01 22808866                   /home/abhishek/.m2/repository/stax/stax-api/1.0.1/stax-api-1.0.1.jar
7f78092ee000-7f780932b000 r--s 0024f000 08:01 22809494                   /home/abhishek/.m2/repository/org/apache/xmlbeans/xmlbeans/2.3.0/xmlbeans-2.3.0.jar
7f780932b000-7f78093bf000 r--s 00401000 08:01 22809491                   /home/abhishek/.m2/repository/org/apache/poi/poi-ooxml-schemas/3.9/poi-ooxml-schemas-3.9.jar
7f78093bf000-7f78093c1000 r--s 00010000 08:01 21762714                   /home/abhishek/.m2/repository/commons-codec/commons-codec/1.5/commons-codec-1.5.jar
7f78093c1000-7f78093e1000 r--s 001a9000 08:01 22809457                   /home/abhishek/.m2/repository/org/apache/poi/poi/3.9/poi-3.9.jar
7f78093e1000-7f78093ed000 r--s 000d9000 08:01 22809454                   /home/abhishek/.m2/repository/org/apache/poi/poi-ooxml/3.9/poi-ooxml-3.9.jar
7f78093ed000-7f78093f7000 r--s 00053000 08:01 23073907                   /home/abhishek/.m2/repository/org/springframework/batch/spring-batch-infrastructure/3.0.4.RELEASE/spring-batch-infrastructure-3.0.4.RELEASE.jar
7f78093f7000-7f78093f9000 r--s 00010000 08:01 22416675                   /home/abhishek/.m2/repository/org/codehaus/jettison/jettison/1.2/jettison-1.2.jar
7f78093f9000-7f78093fb000 r--s 00005000 08:01 22544864                   /home/abhishek/.m2/repository/xpp3/xpp3_min/1.1.4c/xpp3_min-1.1.4c.jar
7f78093fb000-7f78093fc000 r--s 00001000 08:01 22546309                   /home/abhishek/.m2/repository/xmlpull/xmlpull/1.1.3.1/xmlpull-1.1.3.1.jar
7f78093fc000-7f7809409000 r--s 00075000 08:01 22546306                   /home/abhishek/.m2/repository/com/thoughtworks/xstream/xstream/1.4.7/xstream-1.4.7.jar
7f7809409000-7f780940c000 r--s 00006000 08:01 21627927                   /home/abhishek/.m2/repository/javax/batch/javax.batch-api/1.0/javax.batch-api-1.0.jar
7f780940c000-7f780940d000 r--s 00000000 08:01 22546303                   /home/abhishek/.m2/repository/com/ibm/jbatch/com.ibm.jbatch-tck-spi/1.0/com.ibm.jbatch-tck-spi-1.0.jar
7f780940d000-7f780941e000 r--s 000b0000 08:01 23073905                   /home/abhishek/.m2/repository/org/springframework/batch/spring-batch-core/3.0.4.RELEASE/spring-batch-core-3.0.4.RELEASE.jar
7f780941e000-7f7809428000 r--s 0005f000 08:01 23073903                   /home/abhishek/.m2/repository/org/springframework/spring-jdbc/4.1.7.RELEASE/spring-jdbc-4.1.7.RELEASE.jar
7f7809428000-7f7809436000 r--s 0015f000 08:01 23073901                   /home/abhishek/.m2/repository/org/hsqldb/hsqldb/2.3.3/hsqldb-2.3.3.jar
7f7809436000-7f7809437000 r--s 00000000 08:01 23073899                   /home/abhishek/.m2/repository/org/springframework/boot/spring-boot-starter-batch/1.2.5.RELEASE/spring-boot-starter-batch-1.2.5.RELEASE.jar
7f7809437000-7f7809439000 r--s 0000c000 08:01 22809451                   /home/abhishek/.m2/repository/net/minidev/json-smart/1.2/json-smart-1.2.jar
7f7809439000-7f780943f000 r--s 00036000 08:01 22677048                   /home/abhishek/.m2/repository/org/apache/tomcat/embed/tomcat-embed-websocket/8.0.23/tomcat-embed-websocket-8.0.23.jar
7f780943f000-7f7809440000 r--s 00009000 08:01 22677045                   /home/abhishek/.m2/repository/org/apache/tomcat/embed/tomcat-embed-logging-juli/8.0.23/tomcat-embed-logging-juli-8.0.23.jar
7f7809440000-7f7809445000 r--s 00036000 08:01 22677042                   /home/abhishek/.m2/repository/org/apache/tomcat/embed/tomcat-embed-el/8.0.23/tomcat-embed-el-8.0.23.jar
7f7809445000-7f780946a000 r--s 00288000 08:01 22677039                   /home/abhishek/.m2/repository/org/apache/tomcat/embed/tomcat-embed-core/8.0.23/tomcat-embed-core-8.0.23.jar
7f780946a000-7f780946b000 r--s 00000000 08:01 23201302                   /home/abhishek/.m2/repository/org/springframework/boot/spring-boot-starter-tomcat/1.2.5.RELEASE/spring-boot-starter-tomcat-1.2.5.RELEASE.jar
7f780946b000-7f780946d000 r--s 0000d000 08:01 21627936                   /home/abhishek/.m2/repository/com/fasterxml/classmate/1.0.0/classmate-1.0.0.jar
7f780946d000-7f7809471000 r--s 0000c000 08:01 21627933                   /home/abhishek/.m2/repository/javax/validation/validation-api/1.1.0.Final/validation-api-1.1.0.Final.jar
7f7809471000-7f780947f000 r--s 0008d000 08:01 22676056                   /home/abhishek/.m2/repository/org/hibernate/hibernate-validator/5.1.3.Final/hibernate-validator-5.1.3.Final.jar
7f780947f000-7f7809483000 r--s 00034000 08:01 21762589                   /home/abhishek/.m2/repository/com/fasterxml/jackson/core/jackson-core/2.4.6/jackson-core-2.4.6.jar
7f7809483000-7f7809508000 r--s 00792000 08:01 22675958                   /home/abhishek/.m2/repository/com/goldmansachs/gs-collections/5.1.0/gs-collections-5.1.0.jar
7f7809508000-7f7809509000 ---p 00000000 00:00 0 
7f7809509000-7f7809609000 rw-p 00000000 00:00 0                          [stack:8512]
7f7809609000-7f780960c000 ---p 00000000 00:00 0 
7f780960c000-7f780970a000 rw-p 00000000 00:00 0                          [stack:8511]
7f780970a000-7f780970d000 ---p 00000000 00:00 0 
7f780970d000-7f780980b000 rw-p 00000000 00:00 0                          [stack:8510]
7f780980b000-7f780980e000 ---p 00000000 00:00 0 
7f780980e000-7f780990c000 rw-p 00000000 00:00 0                          [stack:8509]
7f780990c000-7f780990f000 ---p 00000000 00:00 0 
7f780990f000-7f7809a0d000 rw-p 00000000 00:00 0                          [stack:8508]
7f7809a0d000-7f7809a10000 ---p 00000000 00:00 0 
7f7809a10000-7f7809b0e000 rw-p 00000000 00:00 0                          [stack:8507]
7f7809b0e000-7f780a1f0000 r--p 00000000 08:01 24779318                   /usr/lib/locale/locale-archive
7f780a1f0000-7f780c000000 rw-p 00000000 00:00 0 
7f780c000000-7f780c021000 rw-p 00000000 00:00 0 
7f780c021000-7f7810000000 ---p 00000000 00:00 0 
7f7810000000-7f7810002000 r--s 0000c000 08:01 22675887                   /home/abhishek/.m2/repository/org/jboss/logging/jboss-logging/3.1.3.GA/jboss-logging-3.1.3.GA.jar
7f7810002000-7f7810005000 r--s 00007000 08:01 21762652                   /home/abhishek/.m2/repository/com/fasterxml/jackson/core/jackson-annotations/2.4.6/jackson-annotations-2.4.6.jar
7f7810005000-7f7810016000 r--s 000f7000 08:01 21762583                   /home/abhishek/.m2/repository/com/fasterxml/jackson/core/jackson-databind/2.4.6/jackson-databind-2.4.6.jar
7f7810016000-7f7810017000 r--s 00000000 08:01 23201300                   /home/abhishek/.m2/repository/org/springframework/boot/spring-boot-starter-web/1.2.5.RELEASE/spring-boot-starter-web-1.2.5.RELEASE.jar
7f7810017000-7f7810019000 r--s 00002000 08:01 23201292                   /home/abhishek/.m2/repository/org/springframework/integration/spring-integration-stream/4.1.5.RELEASE/spring-integration-stream-4.1.5.RELEASE.jar
7f7810019000-7f781001d000 r--s 00028000 08:01 23201290                   /home/abhishek/.m2/repository/org/springframework/integration/spring-integration-ip/4.1.5.RELEASE/spring-integration-ip-4.1.5.RELEASE.jar
7f781001d000-7f781001f000 r--s 00010000 08:01 23201288                   /home/abhishek/.m2/repository/org/springframework/integration/spring-integration-http/4.1.5.RELEASE/spring-integration-http-4.1.5.RELEASE.jar
7f781001f000-7f7810023000 r--s 0002a000 08:01 21628919                   /home/abhishek/.m2/repository/commons-io/commons-io/2.4/commons-io-2.4.jar
7f7810023000-7f7810028000 r--s 00021000 08:01 23201286                   /home/abhishek/.m2/repository/org/springframework/integration/spring-integration-file/4.1.5.RELEASE/spring-integration-file-4.1.5.RELEASE.jar
7f7810028000-7f781002c000 r--s 00016000 08:01 22675998                   /home/abhishek/.m2/repository/org/springframework/retry/spring-retry/1.1.1.RELEASE/spring-retry-1.1.1.RELEASE.jar
7f781002c000-7f7810030000 r--s 00035000 08:01 22675995                   /home/abhishek/.m2/repository/io/gatling/jsr166e/1.0/jsr166e-1.0.jar
7f7810030000-7f781004e000 r--s 0006d000 08:01 22675989                   /home/abhishek/.m2/repository/com/goldmansachs/gs-collections-api/5.1.0/gs-collections-api-5.1.0.jar
7f781004e000-7f7810058000 r--s 00061000 08:01 23201284                   /home/abhishek/.m2/repository/org/projectreactor/reactor-core/1.1.6.RELEASE/reactor-core-1.1.6.RELEASE.jar
7f7810058000-7f781006b000 r--s 000bc000 08:01 23201282                   /home/abhishek/.m2/repository/org/springframework/integration/spring-integration-core/4.1.5.RELEASE/spring-integration-core-4.1.5.RELEASE.jar
7f781006b000-7f7810070000 r--s 0003b000 08:01 23073915                   /home/abhishek/.m2/repository/org/springframework/spring-expression/4.1.7.RELEASE/spring-expression-4.1.7.RELEASE.jar
7f7810070000-7f7810080000 r--s 000b0000 08:01 23201280                   /home/abhishek/.m2/repository/org/springframework/spring-webmvc/4.1.7.RELEASE/spring-webmvc-4.1.7.RELEASE.jar
7f7810080000-7f7810090000 r--s 000a1000 08:01 23201278                   /home/abhishek/.m2/repository/org/springframework/spring-web/4.1.7.RELEASE/spring-web-4.1.7.RELEASE.jar
7f7810090000-7f7810097000 r--s 00037000 08:01 23201260                   /home/abhishek/.m2/repository/org/springframework/spring-tx/4.1.7.RELEASE/spring-tx-4.1.7.RELEASE.jar
7f7810097000-7f78100af000 r--s 000e3000 08:01 23201258                   /home/abhishek/.m2/repository/org/springframework/spring-context/4.1.7.RELEASE/spring-context-4.1.7.RELEASE.jar
7f78100af000-7f78100b6000 r--s 0003f000 08:01 23073893                   /home/abhishek/.m2/repository/org/springframework/spring-messaging/4.1.7.RELEASE/spring-messaging-4.1.7.RELEASE.jar
7f78100b6000-7f78100cf000 r--s 001ae000 08:01 23201266                   /home/abhishek/.m2/repository/org/aspectj/aspectjweaver/1.8.6/aspectjweaver-1.8.6.jar
7f78100cf000-7f78100e4000 r--s 000e2000 08:01 23073891                   /home/abhishek/.m2/repository/org/springframework/spring-core/4.1.7.RELEASE/spring-core-4.1.7.RELEASE.jar
7f78100e4000-7f78100f1000 r--s 000a1000 08:01 23201256                   /home/abhishek/.m2/repository/org/springframework/spring-beans/4.1.7.RELEASE/spring-beans-4.1.7.RELEASE.jar
7f78100f1000-7f78100f4000 ---p 00000000 00:00 0 
7f78100f4000-7f78101f2000 rw-p 00000000 00:00 0                          [stack:8506]
7f78101f2000-7f78101f5000 ---p 00000000 00:00 0 
7f78101f5000-7f78102f3000 rw-p 00000000 00:00 0                          [stack:8505]
7f78102f3000-7f78102f4000 ---p 00000000 00:00 0 
7f78102f4000-7f7811000000 rw-p 00000000 00:00 0                          [stack:8504]
7f7811000000-7f7812150000 rwxp 00000000 00:00 0 
7f7812150000-7f7820000000 ---p 00000000 00:00 0 
7f7820000000-7f7820d60000 rw-p 00000000 00:00 0 
7f7820d60000-7f7824000000 ---p 00000000 00:00 0 
7f7824000000-7f7824001000 r--s 00007000 08:01 22677021                   /home/abhishek/.m2/repository/org/slf4j/slf4j-api/1.7.12/slf4j-api-1.7.12.jar
7f7824001000-7f7824004000 r--s 0000f000 08:01 22675992                   /home/abhishek/.m2/repository/com/lmax/disruptor/3.2.1/disruptor-3.2.1.jar
7f7824004000-7f7824008000 r--s 00019000 08:01 23201264                   /home/abhishek/.m2/repository/org/aspectj/aspectjrt/1.8.6/aspectjrt-1.8.6.jar
7f7824008000-7f7824011000 r--s 0004f000 08:01 23201262                   /home/abhishek/.m2/repository/org/springframework/spring-aop/4.1.7.RELEASE/spring-aop-4.1.7.RELEASE.jar
7f7824011000-7f7824018000 r--s 0003d000 08:01 22285953                   /home/abhishek/.m2/repository/org/yaml/snakeyaml/1.14/snakeyaml-1.14.jar
7f7824018000-7f7824023000 r--s 00065000 08:01 22677033                   /home/abhishek/.m2/repository/ch/qos/logback/logback-core/1.1.3/logback-core-1.1.3.jar
7f7824023000-7f7824029000 r--s 0003f000 08:01 22677030                   /home/abhishek/.m2/repository/ch/qos/logback/logback-classic/1.1.3/logback-classic-1.1.3.jar
7f7824029000-7f7824039000 r--s 0006b000 08:01 23073887                   /home/abhishek/.m2/repository/org/springframework/boot/spring-boot-autoconfigure/1.2.5.RELEASE/spring-boot-autoconfigure-1.2.5.RELEASE.jar
7f7824039000-7f78243ee000 rw-p 00000000 00:00 0 
7f78243ee000-7f78245c7000 r--s 03d09000 08:01 25692707                   /usr/lib/jvm/java-8-oracle/jre/lib/rt.jar
7f78245c7000-7f782501e000 rw-p 00000000 00:00 0 
7f782501e000-7f782501f000 ---p 00000000 00:00 0 
7f782501f000-7f782511f000 rw-p 00000000 00:00 0                          [stack:8503]
7f782511f000-7f7825120000 ---p 00000000 00:00 0 
7f7825120000-7f7825220000 rw-p 00000000 00:00 0                          [stack:8502]
7f7825220000-7f7825221000 ---p 00000000 00:00 0 
7f7825221000-7f7825321000 rw-p 00000000 00:00 0                          [stack:8501]
7f7825321000-7f7825322000 ---p 00000000 00:00 0 
7f7825322000-7f78254cd000 rw-p 00000000 00:00 0                          [stack:8500]
7f78254cd000-7f7825563000 ---p 00000000 00:00 0 
7f7825563000-7f782560e000 rw-p 00000000 00:00 0 
7f782560e000-7f78256a3000 ---p 00000000 00:00 0 
7f78256a3000-7f7825744000 rw-p 00000000 00:00 0 
7f7825744000-7f782578b000 rw-p 00000000 00:00 0 
7f782578b000-7f7825b05000 ---p 00000000 00:00 0 
7f7825b05000-7f7825b1f000 r-xp 00000000 08:01 25826552                   /usr/lib/jvm/java-8-oracle/jre/lib/amd64/libzip.so
7f7825b1f000-7f7825d1f000 ---p 0001a000 08:01 25826552                   /usr/lib/jvm/java-8-oracle/jre/lib/amd64/libzip.so
7f7825d1f000-7f7825d20000 rw-p 0001a000 08:01 25826552                   /usr/lib/jvm/java-8-oracle/jre/lib/amd64/libzip.so
7f7825d20000-7f7825d2b000 r-xp 00000000 08:01 8388627                    /lib/x86_64-linux-gnu/libnss_files-2.19.so
7f7825d2b000-7f7825f2a000 ---p 0000b000 08:01 8388627                    /lib/x86_64-linux-gnu/libnss_files-2.19.so
7f7825f2a000-7f7825f2b000 r--p 0000a000 08:01 8388627                    /lib/x86_64-linux-gnu/libnss_files-2.19.so
7f7825f2b000-7f7825f2c000 rw-p 0000b000 08:01 8388627                    /lib/x86_64-linux-gnu/libnss_files-2.19.so
7f7825f2c000-7f7825f37000 r-xp 00000000 08:01 8392552                    /lib/x86_64-linux-gnu/libnss_nis-2.19.so
7f7825f37000-7f7826136000 ---p 0000b000 08:01 8392552                    /lib/x86_64-linux-gnu/libnss_nis-2.19.so
7f7826136000-7f7826137000 r--p 0000a000 08:01 8392552                    /lib/x86_64-linux-gnu/libnss_nis-2.19.so
7f7826137000-7f7826138000 rw-p 0000b000 08:01 8392552                    /lib/x86_64-linux-gnu/libnss_nis-2.19.so
7f7826138000-7f782614f000 r-xp 00000000 08:01 8388702                    /lib/x86_64-linux-gnu/libnsl-2.19.so
7f782614f000-7f782634e000 ---p 00017000 08:01 8388702                    /lib/x86_64-linux-gnu/libnsl-2.19.so
7f782634e000-7f782634f000 r--p 00016000 08:01 8388702                    /lib/x86_64-linux-gnu/libnsl-2.19.so
7f782634f000-7f7826350000 rw-p 00017000 08:01 8388702                    /lib/x86_64-linux-gnu/libnsl-2.19.so
7f7826350000-7f7826352000 rw-p 00000000 00:00 0 
7f7826352000-7f782635b000 r-xp 00000000 08:01 8388701                    /lib/x86_64-linux-gnu/libnss_compat-2.19.so
7f782635b000-7f782655a000 ---p 00009000 08:01 8388701                    /lib/x86_64-linux-gnu/libnss_compat-2.19.so
7f782655a000-7f782655b000 r--p 00008000 08:01 8388701                    /lib/x86_64-linux-gnu/libnss_compat-2.19.so
7f782655b000-7f782655c000 rw-p 00009000 08:01 8388701                    /lib/x86_64-linux-gnu/libnss_compat-2.19.so
7f782655c000-7f7826586000 r-xp 00000000 08:01 25826554                   /usr/lib/jvm/java-8-oracle/jre/lib/amd64/libjava.so
7f7826586000-7f7826786000 ---p 0002a000 08:01 25826554                   /usr/lib/jvm/java-8-oracle/jre/lib/amd64/libjava.so
7f7826786000-7f7826788000 rw-p 0002a000 08:01 25826554                   /usr/lib/jvm/java-8-oracle/jre/lib/amd64/libjava.so
7f7826788000-7f7826795000 r-xp 00000000 08:01 25826555                   /usr/lib/jvm/java-8-oracle/jre/lib/amd64/libverify.so
7f7826795000-7f7826995000 ---p 0000d000 08:01 25826555                   /usr/lib/jvm/java-8-oracle/jre/lib/amd64/libverify.so
7f7826995000-7f7826997000 rw-p 0000d000 08:01 25826555                   /usr/lib/jvm/java-8-oracle/jre/lib/amd64/libverify.so
7f7826997000-7f782699e000 r-xp 00000000 08:01 8388710                    /lib/x86_64-linux-gnu/librt-2.19.so
7f782699e000-7f7826b9d000 ---p 00007000 08:01 8388710                    /lib/x86_64-linux-gnu/librt-2.19.so
7f7826b9d000-7f7826b9e000 r--p 00006000 08:01 8388710                    /lib/x86_64-linux-gnu/librt-2.19.so
7f7826b9e000-7f7826b9f000 rw-p 00007000 08:01 8388710                    /lib/x86_64-linux-gnu/librt-2.19.so
7f7826b9f000-7f7826ca4000 r-xp 00000000 08:01 8388623                    /lib/x86_64-linux-gnu/libm-2.19.so
7f7826ca4000-7f7826ea3000 ---p 00105000 08:01 8388623                    /lib/x86_64-linux-gnu/libm-2.19.so
7f7826ea3000-7f7826ea4000 r--p 00104000 08:01 8388623                    /lib/x86_64-linux-gnu/libm-2.19.so
7f7826ea4000-7f7826ea5000 rw-p 00105000 08:01 8388623                    /lib/x86_64-linux-gnu/libm-2.19.so
7f7826ea5000-7f7827b53000 r-xp 00000000 08:01 25826536                   /usr/lib/jvm/java-8-oracle/jre/lib/amd64/server/libjvm.so
7f7827b53000-7f7827d52000 ---p 00cae000 08:01 25826536                   /usr/lib/jvm/java-8-oracle/jre/lib/amd64/server/libjvm.so
7f7827d52000-7f7827e29000 rw-p 00cad000 08:01 25826536                   /usr/lib/jvm/java-8-oracle/jre/lib/amd64/server/libjvm.so
7f7827e29000-7f7827e6d000 rw-p 00000000 00:00 0 
7f7827e6d000-7f7828028000 r-xp 00000000 08:01 8388707                    /lib/x86_64-linux-gnu/libc-2.19.so
7f7828028000-7f7828227000 ---p 001bb000 08:01 8388707                    /lib/x86_64-linux-gnu/libc-2.19.so
7f7828227000-7f782822b000 r--p 001ba000 08:01 8388707                    /lib/x86_64-linux-gnu/libc-2.19.so
7f782822b000-7f782822d000 rw-p 001be000 08:01 8388707                    /lib/x86_64-linux-gnu/libc-2.19.so
7f782822d000-7f7828232000 rw-p 00000000 00:00 0 
7f7828232000-7f7828235000 r-xp 00000000 08:01 8388638                    /lib/x86_64-linux-gnu/libdl-2.19.so
7f7828235000-7f7828434000 ---p 00003000 08:01 8388638                    /lib/x86_64-linux-gnu/libdl-2.19.so
7f7828434000-7f7828435000 r--p 00002000 08:01 8388638                    /lib/x86_64-linux-gnu/libdl-2.19.so
7f7828435000-7f7828436000 rw-p 00003000 08:01 8388638                    /lib/x86_64-linux-gnu/libdl-2.19.so
7f7828436000-7f782844b000 r-xp 00000000 08:01 26223106                   /usr/lib/jvm/java-8-oracle/lib/amd64/jli/libjli.so
7f782844b000-7f782864b000 ---p 00015000 08:01 26223106                   /usr/lib/jvm/java-8-oracle/lib/amd64/jli/libjli.so
7f782864b000-7f782864c000 rw-p 00015000 08:01 26223106                   /usr/lib/jvm/java-8-oracle/lib/amd64/jli/libjli.so
7f782864c000-7f7828665000 r-xp 00000000 08:01 8388708                    /lib/x86_64-linux-gnu/libpthread-2.19.so
7f7828665000-7f7828864000 ---p 00019000 08:01 8388708                    /lib/x86_64-linux-gnu/libpthread-2.19.so
7f7828864000-7f7828865000 r--p 00018000 08:01 8388708                    /lib/x86_64-linux-gnu/libpthread-2.19.so
7f7828865000-7f7828866000 rw-p 00019000 08:01 8388708                    /lib/x86_64-linux-gnu/libpthread-2.19.so
7f7828866000-7f782886a000 rw-p 00000000 00:00 0 
7f782886a000-7f782888d000 r-xp 00000000 08:01 8388704                    /lib/x86_64-linux-gnu/ld-2.19.so
7f782888d000-7f782888e000 r--s 00000000 08:01 23201276                   /home/abhishek/.m2/repository/org/springframework/boot/spring-boot-starter-integration/1.2.5.RELEASE/spring-boot-starter-integration-1.2.5.RELEASE.jar
7f782888e000-7f7828890000 r--s 00000000 08:01 22021447                   /home/abhishek/.m2/repository/aopalliance/aopalliance/1.0/aopalliance-1.0.jar
7f7828890000-7f7828891000 r--s 00005000 08:01 22677027                   /home/abhishek/.m2/repository/org/slf4j/log4j-over-slf4j/1.7.12/log4j-over-slf4j-1.7.12.jar
7f7828891000-7f7828893000 r--s 00000000 08:01 22677024                   /home/abhishek/.m2/repository/org/slf4j/jul-to-slf4j/1.7.12/jul-to-slf4j-1.7.12.jar
7f7828893000-7f7828895000 r--s 00003000 08:01 22677018                   /home/abhishek/.m2/repository/org/slf4j/jcl-over-slf4j/1.7.12/jcl-over-slf4j-1.7.12.jar
7f7828895000-7f7828896000 r--s 00000000 08:01 23073889                   /home/abhishek/.m2/repository/org/springframework/boot/spring-boot-starter-logging/1.2.5.RELEASE/spring-boot-starter-logging-1.2.5.RELEASE.jar
7f7828896000-7f782896e000 rw-p 00000000 00:00 0 
7f782896e000-7f7828971000 ---p 00000000 00:00 0 
7f7828971000-7f7828a73000 rw-p 00000000 00:00 0                          [stack:8498]
7f7828a73000-7f7828a7e000 r--s 0005f000 08:01 23073885                   /home/abhishek/.m2/repository/org/springframework/boot/spring-boot/1.2.5.RELEASE/spring-boot-1.2.5.RELEASE.jar
7f7828a7e000-7f7828a7f000 r--s 00000000 08:01 23073883                   /home/abhishek/.m2/repository/org/springframework/boot/spring-boot-starter/1.2.5.RELEASE/spring-boot-starter-1.2.5.RELEASE.jar
7f7828a7f000-7f7828a80000 r--s 00000000 08:01 23073911                   /home/abhishek/.m2/repository/org/springframework/boot/spring-boot-starter-aop/1.2.5.RELEASE/spring-boot-starter-aop-1.2.5.RELEASE.jar
7f7828a80000-7f7828a88000 rw-s 00000000 08:01 21102625                   /tmp/hsperfdata_abhishek/8493
7f7828a88000-7f7828a89000 rw-p 00000000 00:00 0 
7f7828a89000-7f7828a8a000 r--p 00000000 00:00 0 
7f7828a8a000-7f7828a8c000 rw-p 00000000 00:00 0 
7f7828a8c000-7f7828a8d000 r--p 00022000 08:01 8388704                    /lib/x86_64-linux-gnu/ld-2.19.so
7f7828a8d000-7f7828a8e000 rw-p 00023000 08:01 8388704                    /lib/x86_64-linux-gnu/ld-2.19.so
7f7828a8e000-7f7828a8f000 rw-p 00000000 00:00 0 
7ffc45054000-7ffc45077000 rw-p 00000000 00:00 0                          [stack]
7ffc451f4000-7ffc451f6000 r-xp 00000000 00:00 0                          [vdso]
7ffc451f6000-7ffc451f8000 r--p 00000000 00:00 0                          [vvar]
ffffffffff600000-ffffffffff601000 r-xp 00000000 00:00 0                  [vsyscall]

VM Arguments:
jvm_args: -Dfile.encoding=UTF-8 
java_command: com.staples.SkuBuildApplication
java_class_path (initial): /home/abhishek/repo/SKU_Build/SKUBuild/target/classes:/home/abhishek/.m2/repository/org/springframework/boot/spring-boot-starter-aop/1.2.5.RELEASE/spring-boot-starter-aop-1.2.5.RELEASE.jar:/home/abhishek/.m2/repository/org/springframework/boot/spring-boot-starter/1.2.5.RELEASE/spring-boot-starter-1.2.5.RELEASE.jar:/home/abhishek/.m2/repository/org/springframework/boot/spring-boot/1.2.5.RELEASE/spring-boot-1.2.5.RELEASE.jar:/home/abhishek/.m2/repository/org/springframework/boot/spring-boot-autoconfigure/1.2.5.RELEASE/spring-boot-autoconfigure-1.2.5.RELEASE.jar:/home/abhishek/.m2/repository/org/springframework/boot/spring-boot-starter-logging/1.2.5.RELEASE/spring-boot-starter-logging-1.2.5.RELEASE.jar:/home/abhishek/.m2/repository/org/slf4j/jcl-over-slf4j/1.7.12/jcl-over-slf4j-1.7.12.jar:/home/abhishek/.m2/repository/org/slf4j/jul-to-slf4j/1.7.12/jul-to-slf4j-1.7.12.jar:/home/abhishek/.m2/repository/org/slf4j/log4j-over-slf4j/1.7.12/log4j-over-slf4j-1.7.12.jar:/home/abhishek/.m2/repository/ch/qos/logback/logback-classic/1.1.3/logback-classic-1.1.3.jar:/home/abhishek/.m2/repository/ch/qos/logback/logback-core/1.1.3/logback-core-1.1.3.jar:/home/abhishek/.m2/repository/org/yaml/snakeyaml/1.14/snakeyaml-1.14.jar:/home/abhishek/.m2/repository/org/springframework/spring-aop/4.1.7.RELEASE/spring-aop-4.1.7.RELEASE.jar:/home/abhishek/.m2/repository/aopalliance/aopalliance/1.0/aopalliance-1.0.jar:/home/abhishek/.m2/repository/org/springframework/spring-beans/4.1.7.RELEASE/spring-beans-4.1.7.RELEASE.jar:/home/abhishek/.m2/repository/org/springframework/spring-core/4.1.7.RELEASE/spring-core-4.1.7.RELEASE.jar:/home/abhishek/.m2/repository/org/aspectj/aspectjrt/1.8.6/aspectjrt-1.8.6.jar:/home/abhishek/.m2/repository/org/aspectj/aspectjweaver/1.8.6/aspectjweaver-1.8.6.jar:/home/abhishek/.m2/repository/org/springframework/boot/spring-boot-starter-integration/1.2.5.RELEASE/spring-boot-starter-integration-1.2.5.RELEASE.jar:/home/abhishek/.m2/repository/org/
Launcher Type: SUN_STANDARD

Environment Variables:
PATH=/usr/local/sbin:/usr/local/bin:/usr/sbin:/usr/bin:/sbin:/bin:/usr/games:/usr/local/games
SHELL=/bin/bash
DISPLAY=:0.0

Signal Handlers:
SIGSEGV: [libjvm.so+0xaad1e0], sa_mask[0]=11111111011111111101111111111110, sa_flags=SA_RESTART|SA_SIGINFO
SIGBUS: [libjvm.so+0xaad1e0], sa_mask[0]=11111111011111111101111111111110, sa_flags=SA_RESTART|SA_SIGINFO
SIGFPE: [libjvm.so+0x90b450], sa_mask[0]=11111111011111111101111111111110, sa_flags=SA_RESTART|SA_SIGINFO
SIGPIPE: [libjvm.so+0x90b450], sa_mask[0]=11111111011111111101111111111110, sa_flags=SA_RESTART|SA_SIGINFO
SIGXFSZ: [libjvm.so+0x90b450], sa_mask[0]=11111111011111111101111111111110, sa_flags=SA_RESTART|SA_SIGINFO
SIGILL: [libjvm.so+0x90b450], sa_mask[0]=11111111011111111101111111111110, sa_flags=SA_RESTART|SA_SIGINFO
SIGUSR1: SIG_DFL, sa_mask[0]=00000000000000000000000000000000, sa_flags=none
SIGUSR2: [libjvm.so+0x90ca90], sa_mask[0]=00100000000000000000000000000000, sa_flags=SA_RESTART|SA_SIGINFO
SIGHUP: [libjvm.so+0x90dde0], sa_mask[0]=11111111011111111101111111111110, sa_flags=SA_RESTART|SA_SIGINFO
SIGINT: [libjvm.so+0x90dde0], sa_mask[0]=11111111011111111101111111111110, sa_flags=SA_RESTART|SA_SIGINFO
SIGTERM: [libjvm.so+0x90dde0], sa_mask[0]=11111111011111111101111111111110, sa_flags=SA_RESTART|SA_SIGINFO
SIGQUIT: [libjvm.so+0x90dde0], sa_mask[0]=11111111011111111101111111111110, sa_flags=SA_RESTART|SA_SIGINFO


---------------  S Y S T E M  ---------------

OS:DISTRIB_ID=Ubuntu
DISTRIB_RELEASE=14.04
DISTRIB_CODENAME=trusty
DISTRIB_DESCRIPTION="Ubuntu 14.04.2 LTS"

uname:Linux 3.16.0-44-generic #59~14.04.1-Ubuntu SMP Tue Jul 7 15:07:27 UTC 2015 x86_64
libc:glibc 2.19 NPTL 2.19 
rlimit: STACK 8192k, CORE 0k, NPROC 15289, NOFILE 4096, AS infinity
load average:0.95 0.67 0.59

/proc/meminfo:
MemTotal:        3935456 kB
MemFree:          446268 kB
MemAvailable:     611712 kB
Buffers:            7572 kB
Cached:           605180 kB
SwapCached:        43676 kB
Active:          2390980 kB
Inactive:         905192 kB
Active(anon):    2209732 kB
Inactive(anon):   771868 kB
Active(file):     181248 kB
Inactive(file):   133324 kB
Unevictable:          32 kB
Mlocked:              32 kB
SwapTotal:       4079612 kB
SwapFree:        3345540 kB
Dirty:             13560 kB
Writeback:             0 kB
AnonPages:       2659940 kB
Mapped:           340404 kB
Shmem:            298192 kB
Slab:              73568 kB
SReclaimable:      39632 kB
SUnreclaim:        33936 kB
KernelStack:       12448 kB
PageTables:        46348 kB
NFS_Unstable:          0 kB
Bounce:                0 kB
WritebackTmp:          0 kB
CommitLimit:     6047340 kB
Committed_AS:    8410996 kB
VmallocTotal:   34359738367 kB
VmallocUsed:      349012 kB
VmallocChunk:   34359378396 kB
HardwareCorrupted:     0 kB
AnonHugePages:   1415168 kB
HugePages_Total:       0
HugePages_Free:        0
HugePages_Rsvd:        0
HugePages_Surp:        0
Hugepagesize:       2048 kB
DirectMap4k:       53556 kB
DirectMap2M:     1931264 kB
DirectMap1G:     2097152 kB


CPU:total 4 (4 cores per cpu, 1 threads per core) family 6 model 60 stepping 3, cmov, cx8, fxsr, mmx, sse, sse2, sse3, ssse3, sse4.1, sse4.2, popcnt, avx, avx2, aes, clmul, erms, lzcnt, tsc, tscinvbit, bmi1, bmi2

/proc/cpuinfo:
processor	: 0
vendor_id	: GenuineIntel
cpu family	: 6
model		: 60
model name	: Intel(R) Core(TM) i5-4590T CPU @ 2.00GHz
stepping	: 3
microcode	: 0x1c
cpu MHz		: 2742.421
cache size	: 6144 KB
physical id	: 0
siblings	: 4
core id		: 0
cpu cores	: 4
apicid		: 0
initial apicid	: 0
fpu		: yes
fpu_exception	: yes
cpuid level	: 13
wp		: yes
flags		: fpu vme de pse tsc msr pae mce cx8 apic sep mtrr pge mca cmov pat pse36 clflush dts acpi mmx fxsr sse sse2 ss ht tm pbe syscall nx pdpe1gb rdtscp lm constant_tsc arch_perfmon pebs bts rep_good nopl xtopology nonstop_tsc aperfmperf eagerfpu pni pclmulqdq dtes64 monitor ds_cpl vmx smx est tm2 ssse3 fma cx16 xtpr pdcm pcid sse4_1 sse4_2 x2apic movbe popcnt tsc_deadline_timer aes xsave avx f16c rdrand lahf_lm abm ida arat epb xsaveopt pln pts dtherm tpr_shadow vnmi flexpriority ept vpid fsgsbase tsc_adjust bmi1 avx2 smep bmi2 erms invpcid
bogomips	: 3990.67
clflush size	: 64
cache_alignment	: 64
address sizes	: 39 bits physical, 48 bits virtual
power management:

processor	: 1
vendor_id	: GenuineIntel
cpu family	: 6
model		: 60
model name	: Intel(R) Core(TM) i5-4590T CPU @ 2.00GHz
stepping	: 3
microcode	: 0x1c
cpu MHz		: 2757.578
cache size	: 6144 KB
physical id	: 0
siblings	: 4
core id		: 1
cpu cores	: 4
apicid		: 2
initial apicid	: 2
fpu		: yes
fpu_exception	: yes
cpuid level	: 13
wp		: yes
flags		: fpu vme de pse tsc msr pae mce cx8 apic sep mtrr pge mca cmov pat pse36 clflush dts acpi mmx fxsr sse sse2 ss ht tm pbe syscall nx pdpe1gb rdtscp lm constant_tsc arch_perfmon pebs bts rep_good nopl xtopology nonstop_tsc aperfmperf eagerfpu pni pclmulqdq dtes64 monitor ds_cpl vmx smx est tm2 ssse3 fma cx16 xtpr pdcm pcid sse4_1 sse4_2 x2apic movbe popcnt tsc_deadline_timer aes xsave avx f16c rdrand lahf_lm abm ida arat epb xsaveopt pln pts dtherm tpr_shadow vnmi flexpriority ept vpid fsgsbase tsc_adjust bmi1 avx2 smep bmi2 erms invpcid
bogomips	: 3990.67
clflush size	: 64
cache_alignment	: 64
address sizes	: 39 bits physical, 48 bits virtual
power management:

processor	: 2
vendor_id	: GenuineIntel
cpu family	: 6
model		: 60
model name	: Intel(R) Core(TM) i5-4590T CPU @ 2.00GHz
stepping	: 3
microcode	: 0x1c
cpu MHz		: 2569.218
cache size	: 6144 KB
physical id	: 0
siblings	: 4
core id		: 2
cpu cores	: 4
apicid		: 4
initial apicid	: 4
fpu		: yes
fpu_exception	: yes
cpuid level	: 13
wp		: yes
flags		: fpu vme de pse tsc msr pae mce cx8 apic sep mtrr pge mca cmov pat pse36 clflush dts acpi mmx fxsr sse sse2 ss ht tm pbe syscall nx pdpe1gb rdtscp lm constant_tsc arch_perfmon pebs bts rep_good nopl xtopology nonstop_tsc aperfmperf eagerfpu pni pclmulqdq dtes64 monitor ds_cpl vmx smx est tm2 ssse3 fma cx16 xtpr pdcm pcid sse4_1 sse4_2 x2apic movbe popcnt tsc_deadline_timer aes xsave avx f16c rdrand lahf_lm abm ida arat epb xsaveopt pln pts dtherm tpr_shadow vnmi flexpriority ept vpid fsgsbase tsc_adjust bmi1 avx2 smep bmi2 erms invpcid
bogomips	: 3990.67
clflush size	: 64
cache_alignment	: 64
address sizes	: 39 bits physical, 48 bits virtual
power management:

processor	: 3
vendor_id	: GenuineIntel
cpu family	: 6
model		: 60
model name	: Intel(R) Core(TM) i5-4590T CPU @ 2.00GHz
stepping	: 3
microcode	: 0x1c
cpu MHz		: 2692.578
cache size	: 6144 KB
physical id	: 0
siblings	: 4
core id		: 3
cpu cores	: 4
apicid		: 6
initial apicid	: 6
fpu		: yes
fpu_exception	: yes
cpuid level	: 13
wp		: yes
flags		: fpu vme de pse tsc msr pae mce cx8 apic sep mtrr pge mca cmov pat pse36 clflush dts acpi mmx fxsr sse sse2 ss ht tm pbe syscall nx pdpe1gb rdtscp lm constant_tsc arch_perfmon pebs bts rep_good nopl xtopology nonstop_tsc aperfmperf eagerfpu pni pclmulqdq dtes64 monitor ds_cpl vmx smx est tm2 ssse3 fma cx16 xtpr pdcm pcid sse4_1 sse4_2 x2apic movbe popcnt tsc_deadline_timer aes xsave avx f16c rdrand lahf_lm abm ida arat epb xsaveopt pln pts dtherm tpr_shadow vnmi flexpriority ept vpid fsgsbase tsc_adjust bmi1 avx2 smep bmi2 erms invpcid
bogomips	: 3990.67
clflush size	: 64
cache_alignment	: 64
address sizes	: 39 bits physical, 48 bits virtual
power management:



Memory: 4k page, physical 3935456k(446268k free), swap 4079612k(3345540k free)

vm_info: Java HotSpot(TM) 64-Bit Server VM (25.45-b02) for linux-amd64 JRE (1.8.0_45-b14), built on Apr 10 2015 10:07:45 by "java_re" with gcc 4.3.0 20080428 (Red Hat 4.3.0-8)

time: Thu Jul 30 14:16:23 2015
elapsed time: 27 seconds (0d 0h 0m 27s)

